
> temp-app@0.1.0 build
> next build

   ▲ Next.js 15.1.0
   - Environments: .env.local

   Creating an optimized production build ...
Failed to compile.

./src/app/contact/page.tsx
Module parse failed: Identifier 'Globe' has already been declared (3:9)
File was processed with these loaders:
 * ./node_modules/next/dist/build/webpack/loaders/next-flight-client-module-loader.js
 * ./node_modules/next/dist/build/webpack/loaders/next-swc-loader.js
You may need an additional loader to handle the result of these loaders.
| /* __next_internal_client_entry_do_not_use__ default auto */ import { jsx as _jsx, jsxs as _jsxs } from "react/jsx-runtime";
| import { Send, Phone, MessageSquare, Globe } from "__barrel_optimize__?names=Globe,MessageSquare,Phone,Send!=!lucide-react";
> import { Globe, Mail, MapPin } from "__barrel_optimize__?names=Globe,Mail,MapPin!=!lucide-react";
| import { Navbar } from "@/components/layout/Navbar";
| import { Footer } from "@/components/layout/Footer";

Import trace for requested module:
./src/app/contact/page.tsx


> Build failed because of webpack errors
