
> temp-app@0.1.0 build
> next build

   ▲ Next.js 15.1.0

   Creating an optimized production build ...
 ✓ Compiled successfully
   Linting and checking validity of types ...

Failed to compile.

./src/app/about/page.tsx
5:10  Warning: 'Button' is defined but never used.  @typescript-eslint/no-unused-vars
8:25  Warning: 'User' is defined but never used.  @typescript-eslint/no-unused-vars
9:8  Warning: 'Link' is defined but never used.  @typescript-eslint/no-unused-vars
33:34  Error: `'` can be escaped with `&apos;`, `&lsquo;`, `&#39;`, `&rsquo;`.  react/no-unescaped-entities
62:139  Error: `'` can be escaped with `&apos;`, `&lsquo;`, `&#39;`, `&rsquo;`.  react/no-unescaped-entities
65:139  Error: `'` can be escaped with `&apos;`, `&lsquo;`, `&#39;`, `&rsquo;`.  react/no-unescaped-entities
65:148  Error: `'` can be escaped with `&apos;`, `&lsquo;`, `&#39;`, `&rsquo;`.  react/no-unescaped-entities

./src/app/achievements/page.tsx
2:10  Warning: 'MobileBottomNav' is defined but never used.  @typescript-eslint/no-unused-vars
3:10  Warning: 'Card' is defined but never used.  @typescript-eslint/no-unused-vars
3:16  Warning: 'CardContent' is defined but never used.  @typescript-eslint/no-unused-vars
3:29  Warning: 'CardHeader' is defined but never used.  @typescript-eslint/no-unused-vars
3:41  Warning: 'CardTitle' is defined but never used.  @typescript-eslint/no-unused-vars
4:10  Warning: 'Button' is defined but never used.  @typescript-eslint/no-unused-vars
5:10  Warning: 'Badge' is defined but never used.  @typescript-eslint/no-unused-vars
6:10  Warning: 'ProgressBar' is defined but never used.  @typescript-eslint/no-unused-vars

./src/app/admin/analytics/courses/page.tsx
3:10  Warning: 'Area' is defined but never used.  @typescript-eslint/no-unused-vars
3:16  Warning: 'AreaChart' is defined but never used.  @typescript-eslint/no-unused-vars
3:63  Warning: 'Line' is defined but never used.  @typescript-eslint/no-unused-vars
3:69  Warning: 'LineChart' is defined but never used.  @typescript-eslint/no-unused-vars
3:80  Warning: 'Pie' is defined but never used.  @typescript-eslint/no-unused-vars
3:85  Warning: 'PieChart' is defined but never used.  @typescript-eslint/no-unused-vars
10:81  Warning: 'User' is defined but never used.  @typescript-eslint/no-unused-vars
10:94  Warning: 'X' is defined but never used.  @typescript-eslint/no-unused-vars

./src/app/admin/analytics/revenue/page.tsx
2:67  Warning: 'X' is defined but never used.  @typescript-eslint/no-unused-vars
6:10  Warning: 'Badge' is defined but never used.  @typescript-eslint/no-unused-vars
9:27  Warning: 'Bar' is defined but never used.  @typescript-eslint/no-unused-vars
9:47  Warning: 'Cell' is defined but never used.  @typescript-eslint/no-unused-vars

./src/app/admin/analytics/users/page.tsx
7:10  Warning: 'Badge' is defined but never used.  @typescript-eslint/no-unused-vars
10:62  Warning: 'User' is defined but never used.  @typescript-eslint/no-unused-vars
10:96  Warning: 'X' is defined but never used.  @typescript-eslint/no-unused-vars

./src/app/admin/audit-logs/page.tsx
2:48  Warning: 'Shield' is defined but never used.  @typescript-eslint/no-unused-vars
2:69  Warning: 'Target' is defined but never used.  @typescript-eslint/no-unused-vars
2:77  Warning: 'User' is defined but never used.  @typescript-eslint/no-unused-vars
8:16  Warning: 'CardContent' is defined but never used.  @typescript-eslint/no-unused-vars
8:29  Warning: 'CardHeader' is defined but never used.  @typescript-eslint/no-unused-vars
8:41  Warning: 'CardTitle' is defined but never used.  @typescript-eslint/no-unused-vars

./src/app/admin/courses/approvals/page.tsx
5:10  Warning: 'Badge' is defined but never used.  @typescript-eslint/no-unused-vars
8:29  Warning: 'X' is defined but never used.  @typescript-eslint/no-unused-vars

./src/app/admin/courses/manage/page.tsx
3:78  Warning: 'X' is defined but never used.  @typescript-eslint/no-unused-vars
10:16  Warning: 'CardContent' is defined but never used.  @typescript-eslint/no-unused-vars
10:29  Warning: 'CardHeader' is defined but never used.  @typescript-eslint/no-unused-vars
10:41  Warning: 'CardTitle' is defined but never used.  @typescript-eslint/no-unused-vars

./src/app/admin/jobs/page.tsx
7:16  Warning: 'CardContent' is defined but never used.  @typescript-eslint/no-unused-vars
7:29  Warning: 'CardHeader' is defined but never used.  @typescript-eslint/no-unused-vars
7:41  Warning: 'CardTitle' is defined but never used.  @typescript-eslint/no-unused-vars
10:46  Warning: 'Clock' is defined but never used.  @typescript-eslint/no-unused-vars
10:53  Warning: 'DollarSign' is defined but never used.  @typescript-eslint/no-unused-vars
10:89  Warning: 'Filter' is defined but never used.  @typescript-eslint/no-unused-vars
10:97  Warning: 'Layout' is defined but never used.  @typescript-eslint/no-unused-vars
10:141  Warning: 'TrendingUp' is defined but never used.  @typescript-eslint/no-unused-vars

./src/app/admin/marketing/page.tsx
7:29  Warning: 'CardHeader' is defined but never used.  @typescript-eslint/no-unused-vars
7:41  Warning: 'CardTitle' is defined but never used.  @typescript-eslint/no-unused-vars
9:10  Warning: 'Badge' is defined but never used.  @typescript-eslint/no-unused-vars
10:10  Warning: 'Input' is defined but never used.  @typescript-eslint/no-unused-vars
11:10  Warning: 'Mail' is defined but never used.  @typescript-eslint/no-unused-vars
11:22  Warning: 'Smartphone' is defined but never used.  @typescript-eslint/no-unused-vars
16:9  Warning: 'coupons' is assigned a value but never used.  @typescript-eslint/no-unused-vars

./src/app/admin/moderation/page.tsx
3:99  Warning: 'Shield' is defined but never used.  @typescript-eslint/no-unused-vars
3:120  Warning: 'User' is defined but never used.  @typescript-eslint/no-unused-vars
3:133  Warning: 'Users' is defined but never used.  @typescript-eslint/no-unused-vars
10:16  Warning: 'CardContent' is defined but never used.  @typescript-eslint/no-unused-vars

./src/app/admin/page.tsx
4:104  Warning: 'Sun' is defined but never used.  @typescript-eslint/no-unused-vars
4:116  Warning: 'X' is defined but never used.  @typescript-eslint/no-unused-vars
11:10  Warning: 'Bar' is defined but never used.  @typescript-eslint/no-unused-vars
11:15  Warning: 'BarChart' is defined but never used.  @typescript-eslint/no-unused-vars

./src/app/admin/support/page.tsx
7:16  Warning: 'CardContent' is defined but never used.  @typescript-eslint/no-unused-vars
7:29  Warning: 'CardHeader' is defined but never used.  @typescript-eslint/no-unused-vars
7:41  Warning: 'CardTitle' is defined but never used.  @typescript-eslint/no-unused-vars
10:51  Warning: 'ChevronLeft' is defined but never used.  @typescript-eslint/no-unused-vars
10:64  Warning: 'ChevronRight' is defined but never used.  @typescript-eslint/no-unused-vars
10:78  Warning: 'Clock' is defined but never used.  @typescript-eslint/no-unused-vars
10:85  Warning: 'Filter' is defined but never used.  @typescript-eslint/no-unused-vars
10:93  Warning: 'Mail' is defined but never used.  @typescript-eslint/no-unused-vars
10:114  Warning: 'MoreVertical' is defined but never used.  @typescript-eslint/no-unused-vars

./src/app/admin/tutors/page.tsx
3:44  Warning: 'Shield' is defined but never used.  @typescript-eslint/no-unused-vars
3:71  Warning: 'User' is defined but never used.  @typescript-eslint/no-unused-vars
3:84  Warning: 'X' is defined but never used.  @typescript-eslint/no-unused-vars
10:16  Warning: 'CardContent' is defined but never used.  @typescript-eslint/no-unused-vars
10:29  Warning: 'CardHeader' is defined but never used.  @typescript-eslint/no-unused-vars
10:41  Warning: 'CardTitle' is defined but never used.  @typescript-eslint/no-unused-vars

./src/app/admin/users/[userId]/page.tsx
6:16  Warning: 'CardContent' is defined but never used.  @typescript-eslint/no-unused-vars
6:29  Warning: 'CardHeader' is defined but never used.  @typescript-eslint/no-unused-vars
6:41  Warning: 'CardTitle' is defined but never used.  @typescript-eslint/no-unused-vars
8:10  Warning: 'Badge' is defined but never used.  @typescript-eslint/no-unused-vars
9:10  Warning: 'Award' is defined but never used.  @typescript-eslint/no-unused-vars
9:22  Warning: 'BookOpen' is defined but never used.  @typescript-eslint/no-unused-vars
9:42  Warning: 'CheckCircle2' is defined but never used.  @typescript-eslint/no-unused-vars
9:56  Warning: 'ExternalLink' is defined but never used.  @typescript-eslint/no-unused-vars
9:70  Warning: 'History' is defined but never used.  @typescript-eslint/no-unused-vars
9:93  Warning: 'MessageSquare' is defined but never used.  @typescript-eslint/no-unused-vars
9:115  Warning: 'Shield' is defined but never used.  @typescript-eslint/no-unused-vars
9:123  Warning: 'User' is defined but never used.  @typescript-eslint/no-unused-vars
9:129  Warning: 'Wallet' is defined but never used.  @typescript-eslint/no-unused-vars
12:10  Warning: 'status' is assigned a value but never used.  @typescript-eslint/no-unused-vars
12:18  Warning: 'setStatus' is assigned a value but never used.  @typescript-eslint/no-unused-vars

./src/app/admin/users/page.tsx
5:16  Warning: 'CardContent' is defined but never used.  @typescript-eslint/no-unused-vars
5:29  Warning: 'CardHeader' is defined but never used.  @typescript-eslint/no-unused-vars
5:41  Warning: 'CardTitle' is defined but never used.  @typescript-eslint/no-unused-vars
7:10  Warning: 'Input' is defined but never used.  @typescript-eslint/no-unused-vars
9:25  Warning: 'Filter' is defined but never used.  @typescript-eslint/no-unused-vars
9:33  Warning: 'Mail' is defined but never used.  @typescript-eslint/no-unused-vars
9:39  Warning: 'MoreHorizontal' is defined but never used.  @typescript-eslint/no-unused-vars
9:55  Warning: 'MoreVertical' is defined but never used.  @typescript-eslint/no-unused-vars
9:69  Warning: 'Search' is defined but never used.  @typescript-eslint/no-unused-vars
9:77  Warning: 'Shield' is defined but never used.  @typescript-eslint/no-unused-vars
9:85  Warning: 'User' is defined but never used.  @typescript-eslint/no-unused-vars
9:91  Warning: 'UserX' is defined but never used.  @typescript-eslint/no-unused-vars

./src/app/admin/withdrawals/page.tsx
2:106  Warning: 'User' is defined but never used.  @typescript-eslint/no-unused-vars
2:112  Warning: 'X' is defined but never used.  @typescript-eslint/no-unused-vars
8:16  Warning: 'CardContent' is defined but never used.  @typescript-eslint/no-unused-vars

./src/app/blog/[slug]/page.tsx
9:52  Warning: 'MessageSquare' is defined but never used.  @typescript-eslint/no-unused-vars
9:67  Warning: 'Save' is defined but never used.  @typescript-eslint/no-unused-vars
9:81  Warning: 'TrendingUp' is defined but never used.  @typescript-eslint/no-unused-vars
9:93  Warning: 'User' is defined but never used.  @typescript-eslint/no-unused-vars
48:41  Error: `'` can be escaped with `&apos;`, `&lsquo;`, `&#39;`, `&rsquo;`.  react/no-unescaped-entities
52:21  Error: `"` can be escaped with `&quot;`, `&ldquo;`, `&#34;`, `&rdquo;`.  react/no-unescaped-entities
52:51  Error: `'` can be escaped with `&apos;`, `&lsquo;`, `&#39;`, `&rsquo;`.  react/no-unescaped-entities
52:150  Error: `"` can be escaped with `&quot;`, `&ldquo;`, `&#34;`, `&rdquo;`.  react/no-unescaped-entities

./src/app/certificates/[certId]/page.tsx
8:57  Warning: 'Shield' is defined but never used.  @typescript-eslint/no-unused-vars
9:8  Warning: 'Link' is defined but never used.  @typescript-eslint/no-unused-vars

./src/app/code-lab/page.tsx
6:10  Warning: 'Badge' is defined but never used.  @typescript-eslint/no-unused-vars
8:24  Warning: 'ChevronRight' is defined but never used.  @typescript-eslint/no-unused-vars
8:94  Warning: 'Share2' is defined but never used.  @typescript-eslint/no-unused-vars
8:112  Warning: 'Terminal' is defined but never used.  @typescript-eslint/no-unused-vars
95:154  Error: `"` can be escaped with `&quot;`, `&ldquo;`, `&#34;`, `&rdquo;`.  react/no-unescaped-entities
95:160  Error: `"` can be escaped with `&quot;`, `&ldquo;`, `&#34;`, `&rdquo;`.  react/no-unescaped-entities
96:49  Error: Comments inside children section of tag should be placed inside braces  react/jsx-no-comment-textnodes
98:51  Error: `"` can be escaped with `&quot;`, `&ldquo;`, `&#34;`, `&rdquo;`.  react/no-unescaped-entities
98:62  Error: `"` can be escaped with `&quot;`, `&ldquo;`, `&#34;`, `&rdquo;`.  react/no-unescaped-entities
99:112  Error: `"` can be escaped with `&quot;`, `&ldquo;`, `&#34;`, `&rdquo;`.  react/no-unescaped-entities
99:117  Error: `"` can be escaped with `&quot;`, `&ldquo;`, `&#34;`, `&rdquo;`.  react/no-unescaped-entities
171:63  Error: `"` can be escaped with `&quot;`, `&ldquo;`, `&#34;`, `&rdquo;`.  react/no-unescaped-entities
171:92  Error: `"` can be escaped with `&quot;`, `&ldquo;`, `&#34;`, `&rdquo;`.  react/no-unescaped-entities

./src/app/contact/page.tsx
19:79  Error: `'` can be escaped with `&apos;`, `&lsquo;`, `&#39;`, `&rsquo;`.  react/no-unescaped-entities
86:41  Error: 'Send' is not defined.  react/jsx-no-undef

./src/app/courses/[courseId]/page.tsx
4:10  Warning: 'Area' is defined but never used.  @typescript-eslint/no-unused-vars
4:16  Warning: 'AreaChart' is defined but never used.  @typescript-eslint/no-unused-vars
4:27  Warning: 'Bar' is defined but never used.  @typescript-eslint/no-unused-vars
4:42  Warning: 'CartesianGrid' is defined but never used.  @typescript-eslint/no-unused-vars
4:57  Warning: 'Cell' is defined but never used.  @typescript-eslint/no-unused-vars
4:63  Warning: 'Line' is defined but never used.  @typescript-eslint/no-unused-vars
4:69  Warning: 'LineChart' is defined but never used.  @typescript-eslint/no-unused-vars
4:80  Warning: 'Pie' is defined but never used.  @typescript-eslint/no-unused-vars
4:85  Warning: 'PieChart' is defined but never used.  @typescript-eslint/no-unused-vars
4:95  Warning: 'ResponsiveContainer' is defined but never used.  @typescript-eslint/no-unused-vars
4:116  Warning: 'Tooltip' is defined but never used.  @typescript-eslint/no-unused-vars
4:125  Warning: 'XAxis' is defined but never used.  @typescript-eslint/no-unused-vars
4:132  Warning: 'YAxis' is defined but never used.  @typescript-eslint/no-unused-vars
12:10  Warning: 'ProgressBar' is defined but never used.  @typescript-eslint/no-unused-vars
13:115  Warning: 'Save' is defined but never used.  @typescript-eslint/no-unused-vars
115:85  Error: `'` can be escaped with `&apos;`, `&lsquo;`, `&#39;`, `&rsquo;`.  react/no-unescaped-entities

./src/app/courses/page.tsx
2:10  Warning: 'Footer' is defined but never used.  @typescript-eslint/no-unused-vars
3:10  Warning: 'Input' is defined but never used.  @typescript-eslint/no-unused-vars
4:10  Warning: 'Button' is defined but never used.  @typescript-eslint/no-unused-vars
5:10  Warning: 'Card' is defined but never used.  @typescript-eslint/no-unused-vars
5:16  Warning: 'CardContent' is defined but never used.  @typescript-eslint/no-unused-vars
6:10  Warning: 'Badge' is defined but never used.  @typescript-eslint/no-unused-vars
7:8  Warning: 'Link' is defined but never used.  @typescript-eslint/no-unused-vars

./src/app/cv-builder/page.tsx
7:29  Warning: 'CardHeader' is defined but never used.  @typescript-eslint/no-unused-vars
7:41  Warning: 'CardTitle' is defined but never used.  @typescript-eslint/no-unused-vars
10:10  Warning: 'Badge' is defined but never used.  @typescript-eslint/no-unused-vars

./src/app/dashboard/page.tsx
4:60  Warning: 'Sun' is defined but never used.  @typescript-eslint/no-unused-vars
4:81  Warning: 'X' is defined but never used.  @typescript-eslint/no-unused-vars
11:10  Warning: 'Navbar' is defined but never used.  @typescript-eslint/no-unused-vars
13:40  Warning: 'Line' is defined but never used.  @typescript-eslint/no-unused-vars
13:46  Warning: 'LineChart' is defined but never used.  @typescript-eslint/no-unused-vars
65:20  Error: 'Coins' is not defined.  react/jsx-no-undef
135:20  Error: 'CardHeader' is not defined.  react/jsx-no-undef
137:24  Error: 'CardTitle' is not defined.  react/jsx-no-undef
138:24  Error: 'CardDescription' is not defined.  react/jsx-no-undef
188:21  Error: 'CardTitle' is not defined.  react/jsx-no-undef
199:81  Error: `'` can be escaped with `&apos;`, `&lsquo;`, `&#39;`, `&rsquo;`.  react/no-unescaped-entities
205:21  Error: 'CardHeader' is not defined.  react/jsx-no-undef
206:24  Error: 'CardTitle' is not defined.  react/jsx-no-undef
227:21  Error: 'CardHeader' is not defined.  react/jsx-no-undef
228:24  Error: 'CardTitle' is not defined.  react/jsx-no-undef

./src/app/forgot-password/page.tsx
6:10  Warning: 'Badge' is defined but never used.  @typescript-eslint/no-unused-vars
41:106  Error: `'` can be escaped with `&apos;`, `&lsquo;`, `&#39;`, `&rsquo;`.  react/no-unescaped-entities
53:18  Error: 'Button' is not defined.  react/jsx-no-undef
61:31  Error: `'` can be escaped with `&apos;`, `&lsquo;`, `&#39;`, `&rsquo;`.  react/no-unescaped-entities
73:24  Error: `'` can be escaped with `&apos;`, `&lsquo;`, `&#39;`, `&rsquo;`.  react/no-unescaped-entities
77:69  Error: `'` can be escaped with `&apos;`, `&lsquo;`, `&#39;`, `&rsquo;`.  react/no-unescaped-entities
78:20  Error: 'Button' is not defined.  react/jsx-no-undef

./src/app/hackathons/page.tsx
3:52  Warning: 'User' is defined but never used.  @typescript-eslint/no-unused-vars
10:29  Warning: 'CardHeader' is defined but never used.  @typescript-eslint/no-unused-vars
10:41  Warning: 'CardTitle' is defined but never used.  @typescript-eslint/no-unused-vars
80:33  Error: 'Sparkles' is not defined.  react/jsx-no-undef

./src/app/jobs/[jobId]/page.tsx
9:31  Warning: 'Shield' is defined but never used.  @typescript-eslint/no-unused-vars
20:52  Error: 'Bookmark' is not defined.  react/jsx-no-undef
72:75  Error: `'` can be escaped with `&apos;`, `&lsquo;`, `&#39;`, `&rsquo;`.  react/no-unescaped-entities

./src/app/jobs/page.tsx
2:10  Warning: 'MobileBottomNav' is defined but never used.  @typescript-eslint/no-unused-vars
3:10  Warning: 'Card' is defined but never used.  @typescript-eslint/no-unused-vars
3:16  Warning: 'CardContent' is defined but never used.  @typescript-eslint/no-unused-vars
4:10  Warning: 'Button' is defined but never used.  @typescript-eslint/no-unused-vars
5:10  Warning: 'Badge' is defined but never used.  @typescript-eslint/no-unused-vars

./src/app/layout.tsx
1:15  Warning: 'Metadata' is defined but never used.  @typescript-eslint/no-unused-vars

./src/app/leaderboard/page.tsx
2:10  Warning: 'MobileBottomNav' is defined but never used.  @typescript-eslint/no-unused-vars
3:10  Warning: 'Card' is defined but never used.  @typescript-eslint/no-unused-vars
3:16  Warning: 'CardContent' is defined but never used.  @typescript-eslint/no-unused-vars
4:10  Warning: 'Button' is defined but never used.  @typescript-eslint/no-unused-vars
5:10  Warning: 'Badge' is defined but never used.  @typescript-eslint/no-unused-vars

./src/app/learn/[courseId]/quiz/[quizId]/page.tsx
9:10  Warning: 'AlertCircle' is defined but never used.  @typescript-eslint/no-unused-vars
63:70  Error: `'` can be escaped with `&apos;`, `&lsquo;`, `&#39;`, `&rsquo;`.  react/no-unescaped-entities

./src/app/login/page.tsx
66:38  Error: 'EyeOff' is not defined.  react/jsx-no-undef
78:17  Error: 'Button' is not defined.  react/jsx-no-undef
83:16  Error: `'` can be escaped with `&apos;`, `&lsquo;`, `&#39;`, `&rsquo;`.  react/no-unescaped-entities
89:42  Error: `'` can be escaped with `&apos;`, `&lsquo;`, `&#39;`, `&rsquo;`.  react/no-unescaped-entities

./src/app/moderator/page.tsx
4:67  Warning: 'Shield' is defined but never used.  @typescript-eslint/no-unused-vars
120:142  Error: 'Activity' is not defined.  react/jsx-no-undef

./src/app/moderator/review/page.tsx
2:10  Warning: 'MobileBottomNav' is defined but never used.  @typescript-eslint/no-unused-vars
3:10  Warning: 'Card' is defined but never used.  @typescript-eslint/no-unused-vars
3:16  Warning: 'CardContent' is defined but never used.  @typescript-eslint/no-unused-vars

./src/app/my-courses/page.tsx
2:10  Warning: 'MobileBottomNav' is defined but never used.  @typescript-eslint/no-unused-vars
3:10  Warning: 'Card' is defined but never used.  @typescript-eslint/no-unused-vars
3:16  Warning: 'CardContent' is defined but never used.  @typescript-eslint/no-unused-vars
4:10  Warning: 'Button' is defined but never used.  @typescript-eslint/no-unused-vars
5:10  Warning: 'Badge' is defined but never used.  @typescript-eslint/no-unused-vars
6:10  Warning: 'ProgressBar' is defined but never used.  @typescript-eslint/no-unused-vars

./src/app/notifications/page.tsx
7:29  Warning: 'CardHeader' is defined but never used.  @typescript-eslint/no-unused-vars
7:41  Warning: 'CardTitle' is defined but never used.  @typescript-eslint/no-unused-vars
9:10  Warning: 'Badge' is defined but never used.  @typescript-eslint/no-unused-vars
10:10  Warning: 'Award' is defined but never used.  @typescript-eslint/no-unused-vars
10:17  Warning: 'Bell' is defined but never used.  @typescript-eslint/no-unused-vars
10:47  Warning: 'ChevronRight' is defined but never used.  @typescript-eslint/no-unused-vars
10:61  Warning: 'Clock' is defined but never used.  @typescript-eslint/no-unused-vars
10:111  Warning: 'User' is defined but never used.  @typescript-eslint/no-unused-vars

./src/app/page.tsx
4:10  Warning: 'Card' is defined but never used.  @typescript-eslint/no-unused-vars
4:16  Warning: 'CardContent' is defined but never used.  @typescript-eslint/no-unused-vars
11:8  Error: 'Navbar' is not defined.  react/jsx-no-undef
22:31  Error: `'` can be escaped with `&apos;`, `&lsquo;`, `&#39;`, `&rsquo;`.  react/no-unescaped-entities
26:23  Error: `'` can be escaped with `&apos;`, `&lsquo;`, `&#39;`, `&rsquo;`.  react/no-unescaped-entities

./src/app/paths/[pathId]/page.tsx
3:72  Warning: 'User' is defined but never used.  @typescript-eslint/no-unused-vars
103:84  Error: `'` can be escaped with `&apos;`, `&lsquo;`, `&#39;`, `&rsquo;`.  react/no-unescaped-entities

./src/app/paths/page.tsx
9:80  Warning: 'User' is defined but never used.  @typescript-eslint/no-unused-vars

./src/app/pricing/page.tsx
2:10  Warning: 'Footer' is defined but never used.  @typescript-eslint/no-unused-vars
3:10  Warning: 'Button' is defined but never used.  @typescript-eslint/no-unused-vars
4:10  Warning: 'Card' is defined but never used.  @typescript-eslint/no-unused-vars
4:16  Warning: 'CardContent' is defined but never used.  @typescript-eslint/no-unused-vars
5:10  Warning: 'Badge' is defined but never used.  @typescript-eslint/no-unused-vars

./src/app/profile/page.tsx
9:10  Warning: 'ProgressBar' is defined but never used.  @typescript-eslint/no-unused-vars
27:88  Error: 'Edit3' is not defined.  react/jsx-no-undef
39:99  Error: 'Calendar' is not defined.  react/jsx-no-undef

./src/app/projects/[projectId]/page.tsx
12:50  Warning: 'ExternalLink' is defined but never used.  @typescript-eslint/no-unused-vars
12:108  Warning: 'Trash2' is defined but never used.  @typescript-eslint/no-unused-vars
111:36  Error: 'User' is not defined.  react/jsx-no-undef
113:33  Error: 'Input' is not defined.  react/jsx-no-undef
119:33  Error: 'Input' is not defined.  react/jsx-no-undef

./src/app/projects/page.tsx
11:29  Warning: 'CardHeader' is defined but never used.  @typescript-eslint/no-unused-vars
11:41  Warning: 'CardTitle' is defined but never used.  @typescript-eslint/no-unused-vars

./src/app/register/page.tsx
2:10  Warning: 'Input' is defined but never used.  @typescript-eslint/no-unused-vars
3:10  Warning: 'Card' is defined but never used.  @typescript-eslint/no-unused-vars
3:16  Warning: 'CardContent' is defined but never used.  @typescript-eslint/no-unused-vars
4:10  Warning: 'Badge' is defined but never used.  @typescript-eslint/no-unused-vars

./src/app/reviews/page.tsx
4:10  Warning: 'Badge' is defined but never used.  @typescript-eslint/no-unused-vars
5:29  Warning: 'CardHeader' is defined but never used.  @typescript-eslint/no-unused-vars
5:41  Warning: 'CardTitle' is defined but never used.  @typescript-eslint/no-unused-vars

./src/app/sessions/[sessionId]/page.tsx
8:31  Warning: 'Code' is defined but never used.  @typescript-eslint/no-unused-vars
8:43  Warning: 'Layout' is defined but never used.  @typescript-eslint/no-unused-vars
8:91  Warning: 'MoreVertical' is defined but never used.  @typescript-eslint/no-unused-vars
8:125  Warning: 'Shield' is defined but never used.  @typescript-eslint/no-unused-vars
8:133  Warning: 'Users' is defined but never used.  @typescript-eslint/no-unused-vars

./src/app/settings/page.tsx
7:29  Warning: 'CardHeader' is defined but never used.  @typescript-eslint/no-unused-vars
7:41  Warning: 'CardTitle' is defined but never used.  @typescript-eslint/no-unused-vars
9:10  Warning: 'Badge' is defined but never used.  @typescript-eslint/no-unused-vars
11:50  Warning: 'Eye' is defined but never used.  @typescript-eslint/no-unused-vars
11:83  Warning: 'Save' is defined but never used.  @typescript-eslint/no-unused-vars
11:89  Warning: 'Settings' is defined but never used.  @typescript-eslint/no-unused-vars

./src/app/study-groups/page.tsx
3:65  Warning: 'User' is defined but never used.  @typescript-eslint/no-unused-vars

./src/app/tutor/analytics/page.tsx
3:28  Warning: 'Download' is defined but never used.  @typescript-eslint/no-unused-vars
3:76  Warning: 'Sun' is defined but never used.  @typescript-eslint/no-unused-vars
3:107  Warning: 'X' is defined but never used.  @typescript-eslint/no-unused-vars
7:10  Warning: 'Badge' is defined but never used.  @typescript-eslint/no-unused-vars

./src/app/tutor/availability/page.tsx
6:29  Warning: 'CardHeader' is defined but never used.  @typescript-eslint/no-unused-vars
6:41  Warning: 'CardTitle' is defined but never used.  @typescript-eslint/no-unused-vars
7:23  Warning: 'Settings' is defined but never used.  @typescript-eslint/no-unused-vars

./src/app/tutor/community/page.tsx
2:10  Warning: 'MobileBottomNav' is defined but never used.  @typescript-eslint/no-unused-vars
3:10  Warning: 'Card' is defined but never used.  @typescript-eslint/no-unused-vars
3:16  Warning: 'CardContent' is defined but never used.  @typescript-eslint/no-unused-vars

./src/app/tutor/courses/create/page.tsx
11:10  Warning: 'Badge' is defined but never used.  @typescript-eslint/no-unused-vars
12:51  Warning: 'Code' is defined but never used.  @typescript-eslint/no-unused-vars
12:86  Warning: 'Image' is defined but never used.  @typescript-eslint/no-unused-vars
12:93  Warning: 'ImageIcon' is defined but never used.  @typescript-eslint/no-unused-vars
12:139  Warning: 'as' is defined but never used.  @typescript-eslint/no-unused-vars
18:19  Warning: 'setModules' is assigned a value but never used.  @typescript-eslint/no-unused-vars
122:57  Warning: 'lIdx' is defined but never used.  @typescript-eslint/no-unused-vars
156:80  Error: `"` can be escaped with `&quot;`, `&ldquo;`, `&#34;`, `&rdquo;`.  react/no-unescaped-entities
156:112  Error: `"` can be escaped with `&quot;`, `&ldquo;`, `&#34;`, `&rdquo;`.  react/no-unescaped-entities

./src/app/tutor/courses/page.tsx
4:73  Warning: 'User' is defined but never used.  @typescript-eslint/no-unused-vars
8:10  Warning: 'Badge' is defined but never used.  @typescript-eslint/no-unused-vars
10:29  Warning: 'CardHeader' is defined but never used.  @typescript-eslint/no-unused-vars
10:41  Warning: 'CardTitle' is defined but never used.  @typescript-eslint/no-unused-vars
77:127  Error: 'Edit3' is not defined.  react/jsx-no-undef
109:73  Error: `'` can be escaped with `&apos;`, `&lsquo;`, `&#39;`, `&rsquo;`.  react/no-unescaped-entities

./src/app/tutor/dashboard/page.tsx
4:77  Warning: 'X' is defined but never used.  @typescript-eslint/no-unused-vars
8:10  Warning: 'Badge' is defined but never used.  @typescript-eslint/no-unused-vars
11:42  Warning: 'Line' is defined but never used.  @typescript-eslint/no-unused-vars
11:48  Warning: 'LineChart' is defined but never used.  @typescript-eslint/no-unused-vars
103:22  Error: 'Calendar' is not defined.  react/jsx-no-undef
146:29  Error: `"` can be escaped with `&quot;`, `&ldquo;`, `&#34;`, `&rdquo;`.  react/no-unescaped-entities
146:149  Error: `"` can be escaped with `&quot;`, `&ldquo;`, `&#34;`, `&rdquo;`.  react/no-unescaped-entities

./src/app/tutor/resources/page.tsx
7:29  Warning: 'CardHeader' is defined but never used.  @typescript-eslint/no-unused-vars
7:41  Warning: 'CardTitle' is defined but never used.  @typescript-eslint/no-unused-vars
10:10  Warning: 'CheckCircle2' is defined but never used.  @typescript-eslint/no-unused-vars
10:24  Warning: 'ChevronRight' is defined but never used.  @typescript-eslint/no-unused-vars
10:48  Warning: 'ExternalLink' is defined but never used.  @typescript-eslint/no-unused-vars
10:82  Warning: 'Filter' is defined but never used.  @typescript-eslint/no-unused-vars
10:102  Warning: 'Layout' is defined but never used.  @typescript-eslint/no-unused-vars
10:110  Warning: 'Link' is defined but never used.  @typescript-eslint/no-unused-vars
10:116  Warning: 'LinkIcon' is defined but never used.  @typescript-eslint/no-unused-vars
10:126  Warning: 'MoreVertical' is defined but never used.  @typescript-eslint/no-unused-vars
10:170  Warning: 'as' is defined but never used.  @typescript-eslint/no-unused-vars

./src/app/tutor/schedule/page.tsx
4:53  Warning: 'Sun' is defined but never used.  @typescript-eslint/no-unused-vars
4:58  Warning: 'User' is defined but never used.  @typescript-eslint/no-unused-vars
99:39  Error: 'Video' is not defined.  react/jsx-no-undef
118:57  Error: `'` can be escaped with `&apos;`, `&lsquo;`, `&#39;`, `&rsquo;`.  react/no-unescaped-entities

./src/app/tutor/students/page.tsx
2:10  Warning: 'MobileBottomNav' is defined but never used.  @typescript-eslint/no-unused-vars
3:10  Warning: 'Card' is defined but never used.  @typescript-eslint/no-unused-vars
3:16  Warning: 'CardContent' is defined but never used.  @typescript-eslint/no-unused-vars
4:10  Warning: 'Button' is defined but never used.  @typescript-eslint/no-unused-vars
5:10  Warning: 'Badge' is defined but never used.  @typescript-eslint/no-unused-vars

./src/app/tutors/[tutorId]/book/page.tsx
10:10  Warning: 'Input' is defined but never used.  @typescript-eslint/no-unused-vars
12:22  Warning: 'Calendar' is defined but never used.  @typescript-eslint/no-unused-vars
12:32  Warning: 'CheckCircle2' is defined but never used.  @typescript-eslint/no-unused-vars
12:78  Warning: 'Globe' is defined but never used.  @typescript-eslint/no-unused-vars
12:85  Warning: 'Info' is defined but never used.  @typescript-eslint/no-unused-vars
12:91  Warning: 'Smartphone' is defined but never used.  @typescript-eslint/no-unused-vars
12:109  Warning: 'User' is defined but never used.  @typescript-eslint/no-unused-vars
12:115  Warning: 'Video' is defined but never used.  @typescript-eslint/no-unused-vars
18:10  Warning: 'selectedDate' is assigned a value but never used.  @typescript-eslint/no-unused-vars

./src/app/tutors/[tutorId]/page.tsx
8:29  Warning: 'CardHeader' is defined but never used.  @typescript-eslint/no-unused-vars
8:41  Warning: 'CardTitle' is defined but never used.  @typescript-eslint/no-unused-vars
11:10  Warning: 'BookOpen' is defined but never used.  @typescript-eslint/no-unused-vars
11:31  Warning: 'Calendar' is defined but never used.  @typescript-eslint/no-unused-vars
11:41  Warning: 'CheckCircle2' is defined but never used.  @typescript-eslint/no-unused-vars
11:77  Warning: 'MessageSquare' is defined but never used.  @typescript-eslint/no-unused-vars
11:92  Warning: 'Play' is defined but never used.  @typescript-eslint/no-unused-vars
11:98  Warning: 'Star' is defined but never used.  @typescript-eslint/no-unused-vars
11:104  Warning: 'Users' is defined but never used.  @typescript-eslint/no-unused-vars

./src/app/wallet/deposit/page.tsx
4:63  Warning: 'Shield' is defined but never used.  @typescript-eslint/no-unused-vars
9:10  Warning: 'Badge' is defined but never used.  @typescript-eslint/no-unused-vars
33:19  Error: 'Wallet' is not defined.  react/jsx-no-undef

./src/app/wallet/page.tsx
2:10  Warning: 'MobileBottomNav' is defined but never used.  @typescript-eslint/no-unused-vars
3:10  Warning: 'Card' is defined but never used.  @typescript-eslint/no-unused-vars
3:16  Warning: 'CardContent' is defined but never used.  @typescript-eslint/no-unused-vars
3:29  Warning: 'CardHeader' is defined but never used.  @typescript-eslint/no-unused-vars
3:41  Warning: 'CardTitle' is defined but never used.  @typescript-eslint/no-unused-vars
4:10  Warning: 'Button' is defined but never used.  @typescript-eslint/no-unused-vars
5:10  Warning: 'Badge' is defined but never used.  @typescript-eslint/no-unused-vars

./src/app/wallet/transfer/page.tsx
3:57  Warning: 'Shield' is defined but never used.  @typescript-eslint/no-unused-vars
7:10  Warning: 'Badge' is defined but never used.  @typescript-eslint/no-unused-vars
9:29  Warning: 'CardHeader' is defined but never used.  @typescript-eslint/no-unused-vars
9:41  Warning: 'CardTitle' is defined but never used.  @typescript-eslint/no-unused-vars
10:10  Warning: 'Input' is defined but never used.  @typescript-eslint/no-unused-vars
17:10  Warning: 'isVerified' is assigned a value but never used.  @typescript-eslint/no-unused-vars
39:19  Error: 'Send' is not defined.  react/jsx-no-undef
59:131  Error: `'` can be escaped with `&apos;`, `&lsquo;`, `&#39;`, `&rsquo;`.  react/no-unescaped-entities
67:21  Error: 'Info' is not defined.  react/jsx-no-undef
131:78  Error: `'` can be escaped with `&apos;`, `&lsquo;`, `&#39;`, `&rsquo;`.  react/no-unescaped-entities

./src/app/wallet/withdraw/page.tsx
4:10  Warning: 'AlertCircle' is defined but never used.  @typescript-eslint/no-unused-vars
4:49  Warning: 'CheckCircle2' is defined but never used.  @typescript-eslint/no-unused-vars
4:63  Warning: 'ChevronRight' is defined but never used.  @typescript-eslint/no-unused-vars
4:94  Warning: 'Lock' is defined but never used.  @typescript-eslint/no-unused-vars
4:100  Warning: 'Shield' is defined but never used.  @typescript-eslint/no-unused-vars
8:10  Warning: 'Badge' is defined but never used.  @typescript-eslint/no-unused-vars
10:29  Warning: 'CardHeader' is defined but never used.  @typescript-eslint/no-unused-vars
10:41  Warning: 'CardTitle' is defined but never used.  @typescript-eslint/no-unused-vars
12:24  Warning: 'Wallet' is defined but never used.  @typescript-eslint/no-unused-vars
137:119  Error: `'` can be escaped with `&apos;`, `&lsquo;`, `&#39;`, `&rsquo;`.  react/no-unescaped-entities

./src/components/ThemeProvider.tsx
5:11  Error: 'NextThemesProvider' is not defined.  react/jsx-no-undef

./src/components/layout/Footer.tsx
18:21  Error: `'` can be escaped with `&apos;`, `&lsquo;`, `&#39;`, `&rsquo;`.  react/no-unescaped-entities

./src/components/layout/Navbar.tsx
4:19  Warning: 'Bell' is defined but never used.  @typescript-eslint/no-unused-vars
4:25  Warning: 'User' is defined but never used.  @typescript-eslint/no-unused-vars
4:31  Warning: 'Search' is defined but never used.  @typescript-eslint/no-unused-vars
14:19  Error: Error: Calling setState synchronously within an effect can trigger cascading renders

Effects are intended to synchronize state between React and external systems such as manually updating the DOM, state management libraries, or other platform APIs. In general, the body of an effect should do one or both of the following:
* Update external systems with the latest state from React.
* Subscribe for updates from some external system, calling setState in a callback function when external state changes.

Calling setState synchronously within an effect body causes cascading renders that can hurt performance, and is not recommended. (https://react.dev/learn/you-might-not-need-an-effect).

/app/src/components/layout/Navbar.tsx:14:19
  12 |
  13 |   useEffect(() => {
> 14 |     if (!mounted) setMounted(true);
     |                   ^^^^^^^^^^ Avoid calling setState() directly within an effect
  15 |     const handleScroll = () => setScrolled(window.scrollY > 20);
  16 |     window.addEventListener("scroll", handleScroll);
  17 |     return () => window.removeEventListener("scroll", handleScroll);  react-hooks/set-state-in-effect
18:6  Warning: React Hook useEffect has a missing dependency: 'mounted'. Either include it or remove the dependency array.  react-hooks/exhaustive-deps

./src/components/layout/Sidebar.tsx
14:21  Warning: 'setCollapsed' is assigned a value but never used.  @typescript-eslint/no-unused-vars
88:12  Error: 'LogOut' is not defined.  react/jsx-no-undef

./src/components/ui/Button.tsx
28:11  Warning: 'Comp' is assigned a value but never used.  @typescript-eslint/no-unused-vars
35:81  Error: Unexpected any. Specify a different type.  @typescript-eslint/no-explicit-any

./src/components/ui/Modal.tsx
30:6  Error: 'AnimatePresence' is not defined.  react/jsx-no-undef

./src/components/ui/Toast.tsx
39:10  Error: 'AnimatePresence' is not defined.  react/jsx-no-undef

./src/utils/supabase/middleware.ts
15:9  Warning: 'supabase' is assigned a value but never used.  @typescript-eslint/no-unused-vars
24:48  Warning: 'options' is defined but never used.  @typescript-eslint/no-unused-vars

info  - Need to disable some ESLint rules? Learn more here: https://nextjs.org/docs/app/api-reference/config/eslint#disabling-rules
