
> temp-app@0.1.0 build
> next build

   ▲ Next.js 15.1.0
   - Environments: .env.local

   Creating an optimized production build ...
 ✓ Compiled successfully
   Linting and checking validity of types ...

./src/app/achievements/page.tsx
3:18  Warning: 'Award' is defined but never used.  @typescript-eslint/no-unused-vars
3:36  Warning: 'Target' is defined but never used.  @typescript-eslint/no-unused-vars

./src/app/admin/analytics/courses/page.tsx
3:10  Warning: 'Area' is defined but never used.  @typescript-eslint/no-unused-vars
3:16  Warning: 'AreaChart' is defined but never used.  @typescript-eslint/no-unused-vars
3:63  Warning: 'Line' is defined but never used.  @typescript-eslint/no-unused-vars
3:69  Warning: 'LineChart' is defined but never used.  @typescript-eslint/no-unused-vars
3:80  Warning: 'Pie' is defined but never used.  @typescript-eslint/no-unused-vars
3:85  Warning: 'PieChart' is defined but never used.  @typescript-eslint/no-unused-vars
10:81  Warning: 'User' is defined but never used.  @typescript-eslint/no-unused-vars
10:94  Warning: 'X' is defined but never used.  @typescript-eslint/no-unused-vars

./src/app/admin/analytics/revenue/page.tsx
2:67  Warning: 'X' is defined but never used.  @typescript-eslint/no-unused-vars
6:10  Warning: 'Badge' is defined but never used.  @typescript-eslint/no-unused-vars
9:27  Warning: 'Bar' is defined but never used.  @typescript-eslint/no-unused-vars
9:47  Warning: 'Cell' is defined but never used.  @typescript-eslint/no-unused-vars

./src/app/admin/analytics/users/page.tsx
7:10  Warning: 'Badge' is defined but never used.  @typescript-eslint/no-unused-vars
10:62  Warning: 'User' is defined but never used.  @typescript-eslint/no-unused-vars
10:96  Warning: 'X' is defined but never used.  @typescript-eslint/no-unused-vars

./src/app/admin/audit-logs/page.tsx
2:48  Warning: 'Shield' is defined but never used.  @typescript-eslint/no-unused-vars
2:69  Warning: 'Target' is defined but never used.  @typescript-eslint/no-unused-vars
2:77  Warning: 'User' is defined but never used.  @typescript-eslint/no-unused-vars
8:16  Warning: 'CardContent' is defined but never used.  @typescript-eslint/no-unused-vars
8:29  Warning: 'CardHeader' is defined but never used.  @typescript-eslint/no-unused-vars
8:41  Warning: 'CardTitle' is defined but never used.  @typescript-eslint/no-unused-vars

./src/app/admin/courses/approvals/page.tsx
5:10  Warning: 'Badge' is defined but never used.  @typescript-eslint/no-unused-vars
8:29  Warning: 'X' is defined but never used.  @typescript-eslint/no-unused-vars

./src/app/admin/courses/manage/page.tsx
3:78  Warning: 'X' is defined but never used.  @typescript-eslint/no-unused-vars
10:16  Warning: 'CardContent' is defined but never used.  @typescript-eslint/no-unused-vars
10:29  Warning: 'CardHeader' is defined but never used.  @typescript-eslint/no-unused-vars
10:41  Warning: 'CardTitle' is defined but never used.  @typescript-eslint/no-unused-vars

./src/app/admin/jobs/page.tsx
7:16  Warning: 'CardContent' is defined but never used.  @typescript-eslint/no-unused-vars
7:29  Warning: 'CardHeader' is defined but never used.  @typescript-eslint/no-unused-vars
7:41  Warning: 'CardTitle' is defined but never used.  @typescript-eslint/no-unused-vars
10:46  Warning: 'Clock' is defined but never used.  @typescript-eslint/no-unused-vars
10:53  Warning: 'DollarSign' is defined but never used.  @typescript-eslint/no-unused-vars
10:89  Warning: 'Filter' is defined but never used.  @typescript-eslint/no-unused-vars
10:97  Warning: 'Layout' is defined but never used.  @typescript-eslint/no-unused-vars
10:141  Warning: 'TrendingUp' is defined but never used.  @typescript-eslint/no-unused-vars

./src/app/admin/marketing/page.tsx
7:29  Warning: 'CardHeader' is defined but never used.  @typescript-eslint/no-unused-vars
7:41  Warning: 'CardTitle' is defined but never used.  @typescript-eslint/no-unused-vars
9:10  Warning: 'Badge' is defined but never used.  @typescript-eslint/no-unused-vars
10:10  Warning: 'Input' is defined but never used.  @typescript-eslint/no-unused-vars
11:10  Warning: 'Mail' is defined but never used.  @typescript-eslint/no-unused-vars
11:22  Warning: 'Smartphone' is defined but never used.  @typescript-eslint/no-unused-vars
16:9  Warning: 'coupons' is assigned a value but never used.  @typescript-eslint/no-unused-vars

./src/app/admin/moderation/page.tsx
3:99  Warning: 'Shield' is defined but never used.  @typescript-eslint/no-unused-vars
3:120  Warning: 'User' is defined but never used.  @typescript-eslint/no-unused-vars
3:133  Warning: 'Users' is defined but never used.  @typescript-eslint/no-unused-vars
10:16  Warning: 'CardContent' is defined but never used.  @typescript-eslint/no-unused-vars

./src/app/admin/support/page.tsx
7:16  Warning: 'CardContent' is defined but never used.  @typescript-eslint/no-unused-vars
7:29  Warning: 'CardHeader' is defined but never used.  @typescript-eslint/no-unused-vars
7:41  Warning: 'CardTitle' is defined but never used.  @typescript-eslint/no-unused-vars
10:51  Warning: 'ChevronLeft' is defined but never used.  @typescript-eslint/no-unused-vars
10:64  Warning: 'ChevronRight' is defined but never used.  @typescript-eslint/no-unused-vars
10:78  Warning: 'Clock' is defined but never used.  @typescript-eslint/no-unused-vars
10:85  Warning: 'Filter' is defined but never used.  @typescript-eslint/no-unused-vars
10:93  Warning: 'Mail' is defined but never used.  @typescript-eslint/no-unused-vars
10:114  Warning: 'MoreVertical' is defined but never used.  @typescript-eslint/no-unused-vars

./src/app/admin/tutors/page.tsx
3:44  Warning: 'Shield' is defined but never used.  @typescript-eslint/no-unused-vars
3:71  Warning: 'User' is defined but never used.  @typescript-eslint/no-unused-vars
3:84  Warning: 'X' is defined but never used.  @typescript-eslint/no-unused-vars
10:16  Warning: 'CardContent' is defined but never used.  @typescript-eslint/no-unused-vars
10:29  Warning: 'CardHeader' is defined but never used.  @typescript-eslint/no-unused-vars
10:41  Warning: 'CardTitle' is defined but never used.  @typescript-eslint/no-unused-vars

./src/app/admin/users/[userId]/page.tsx
6:16  Warning: 'CardContent' is defined but never used.  @typescript-eslint/no-unused-vars
6:29  Warning: 'CardHeader' is defined but never used.  @typescript-eslint/no-unused-vars
6:41  Warning: 'CardTitle' is defined but never used.  @typescript-eslint/no-unused-vars
8:10  Warning: 'Badge' is defined but never used.  @typescript-eslint/no-unused-vars
9:10  Warning: 'Award' is defined but never used.  @typescript-eslint/no-unused-vars
9:22  Warning: 'BookOpen' is defined but never used.  @typescript-eslint/no-unused-vars
9:42  Warning: 'CheckCircle2' is defined but never used.  @typescript-eslint/no-unused-vars
9:56  Warning: 'ExternalLink' is defined but never used.  @typescript-eslint/no-unused-vars
9:70  Warning: 'History' is defined but never used.  @typescript-eslint/no-unused-vars
9:93  Warning: 'MessageSquare' is defined but never used.  @typescript-eslint/no-unused-vars
9:115  Warning: 'Shield' is defined but never used.  @typescript-eslint/no-unused-vars
9:123  Warning: 'User' is defined but never used.  @typescript-eslint/no-unused-vars
9:129  Warning: 'Wallet' is defined but never used.  @typescript-eslint/no-unused-vars
12:10  Warning: 'status' is assigned a value but never used.  @typescript-eslint/no-unused-vars
12:18  Warning: 'setStatus' is assigned a value but never used.  @typescript-eslint/no-unused-vars

./src/app/admin/users/page.tsx
4:16  Warning: 'CardContent' is defined but never used.  @typescript-eslint/no-unused-vars

./src/app/admin/withdrawals/page.tsx
12:3  Warning: 'MoreVertical' is defined but never used.  @typescript-eslint/no-unused-vars

./src/app/api/disputes/route.ts
5:11  Warning: 'body' is assigned a value but never used.  @typescript-eslint/no-unused-vars
8:12  Warning: 'error' is defined but never used.  @typescript-eslint/no-unused-vars
15:11  Warning: 'body' is assigned a value but never used.  @typescript-eslint/no-unused-vars
18:12  Warning: 'error' is defined but never used.  @typescript-eslint/no-unused-vars

./src/app/api/promotions/route.ts
5:11  Warning: 'body' is assigned a value but never used.  @typescript-eslint/no-unused-vars
8:12  Warning: 'error' is defined but never used.  @typescript-eslint/no-unused-vars

./src/app/api/resources/route.ts
5:11  Warning: 'body' is assigned a value but never used.  @typescript-eslint/no-unused-vars
8:12  Warning: 'error' is defined but never used.  @typescript-eslint/no-unused-vars

./src/app/api/withdrawals/route.ts
5:11  Warning: 'body' is assigned a value but never used.  @typescript-eslint/no-unused-vars
8:12  Warning: 'error' is defined but never used.  @typescript-eslint/no-unused-vars

./src/app/blog/[slug]/page.tsx
2:8  Warning: 'Link' is defined but never used.  @typescript-eslint/no-unused-vars
5:10  Warning: 'Card' is defined but never used.  @typescript-eslint/no-unused-vars
5:16  Warning: 'CardContent' is defined but never used.  @typescript-eslint/no-unused-vars
7:10  Warning: 'Button' is defined but never used.  @typescript-eslint/no-unused-vars
8:10  Warning: 'ArrowRight' is defined but never used.  @typescript-eslint/no-unused-vars
8:22  Warning: 'Bookmark' is defined but never used.  @typescript-eslint/no-unused-vars
8:39  Warning: 'Share2' is defined but never used.  @typescript-eslint/no-unused-vars

./src/app/certificates/[certId]/page.tsx
8:57  Warning: 'Shield' is defined but never used.  @typescript-eslint/no-unused-vars
9:8  Warning: 'Link' is defined but never used.  @typescript-eslint/no-unused-vars

./src/app/code-lab/page.tsx
4:16  Warning: 'CardContent' is defined but never used.  @typescript-eslint/no-unused-vars

./src/app/contact/page.tsx
3:38  Warning: 'Globe' is defined but never used.  @typescript-eslint/no-unused-vars

./src/app/courses/[courseId]/page.tsx
4:10  Warning: 'Area' is defined but never used.  @typescript-eslint/no-unused-vars
4:16  Warning: 'AreaChart' is defined but never used.  @typescript-eslint/no-unused-vars
4:27  Warning: 'Bar' is defined but never used.  @typescript-eslint/no-unused-vars
4:32  Warning: 'BarChart' is defined but never used.  @typescript-eslint/no-unused-vars
4:42  Warning: 'CartesianGrid' is defined but never used.  @typescript-eslint/no-unused-vars
4:57  Warning: 'Cell' is defined but never used.  @typescript-eslint/no-unused-vars
4:63  Warning: 'Line' is defined but never used.  @typescript-eslint/no-unused-vars
4:69  Warning: 'LineChart' is defined but never used.  @typescript-eslint/no-unused-vars
4:80  Warning: 'Pie' is defined but never used.  @typescript-eslint/no-unused-vars
4:85  Warning: 'PieChart' is defined but never used.  @typescript-eslint/no-unused-vars
4:95  Warning: 'ResponsiveContainer' is defined but never used.  @typescript-eslint/no-unused-vars
4:116  Warning: 'Tooltip' is defined but never used.  @typescript-eslint/no-unused-vars
4:125  Warning: 'XAxis' is defined but never used.  @typescript-eslint/no-unused-vars
4:132  Warning: 'YAxis' is defined but never used.  @typescript-eslint/no-unused-vars
12:10  Warning: 'ProgressBar' is defined but never used.  @typescript-eslint/no-unused-vars
13:127  Warning: 'Save' is defined but never used.  @typescript-eslint/no-unused-vars

./src/app/cv-builder/page.tsx
7:29  Warning: 'CardHeader' is defined but never used.  @typescript-eslint/no-unused-vars
7:41  Warning: 'CardTitle' is defined but never used.  @typescript-eslint/no-unused-vars
10:10  Warning: 'Badge' is defined but never used.  @typescript-eslint/no-unused-vars

./src/app/forgot-password/page.tsx
7:10  Warning: 'Badge' is defined but never used.  @typescript-eslint/no-unused-vars

./src/app/hackathons/page.tsx
3:58  Warning: 'User' is defined but never used.  @typescript-eslint/no-unused-vars
10:29  Warning: 'CardHeader' is defined but never used.  @typescript-eslint/no-unused-vars
10:41  Warning: 'CardTitle' is defined but never used.  @typescript-eslint/no-unused-vars

./src/app/jobs/[jobId]/page.tsx
10:31  Warning: 'Shield' is defined but never used.  @typescript-eslint/no-unused-vars

./src/app/learn/[courseId]/quiz/[quizId]/page.tsx
9:10  Warning: 'AlertCircle' is defined but never used.  @typescript-eslint/no-unused-vars

./src/app/login/page.tsx
9:3  Warning: 'Lock' is defined but never used.  @typescript-eslint/no-unused-vars
10:3  Warning: 'Mail' is defined but never used.  @typescript-eslint/no-unused-vars

./src/app/moderator/page.tsx
4:67  Warning: 'Shield' is defined but never used.  @typescript-eslint/no-unused-vars

./src/app/notifications/page.tsx
7:29  Warning: 'CardHeader' is defined but never used.  @typescript-eslint/no-unused-vars
7:41  Warning: 'CardTitle' is defined but never used.  @typescript-eslint/no-unused-vars
9:10  Warning: 'Badge' is defined but never used.  @typescript-eslint/no-unused-vars
10:10  Warning: 'Award' is defined but never used.  @typescript-eslint/no-unused-vars
10:17  Warning: 'Bell' is defined but never used.  @typescript-eslint/no-unused-vars
10:47  Warning: 'ChevronRight' is defined but never used.  @typescript-eslint/no-unused-vars
10:61  Warning: 'Clock' is defined but never used.  @typescript-eslint/no-unused-vars
10:111  Warning: 'User' is defined but never used.  @typescript-eslint/no-unused-vars

./src/app/page.tsx
5:10  Warning: 'Card' is defined but never used.  @typescript-eslint/no-unused-vars
5:16  Warning: 'CardContent' is defined but never used.  @typescript-eslint/no-unused-vars

./src/app/paths/[pathId]/page.tsx
3:72  Warning: 'User' is defined but never used.  @typescript-eslint/no-unused-vars

./src/app/paths/page.tsx
9:94  Warning: 'User' is defined but never used.  @typescript-eslint/no-unused-vars

./src/app/profile/page.tsx
9:10  Warning: 'ProgressBar' is defined but never used.  @typescript-eslint/no-unused-vars

./src/app/projects/[projectId]/page.tsx
13:50  Warning: 'ExternalLink' is defined but never used.  @typescript-eslint/no-unused-vars
13:108  Warning: 'Trash2' is defined but never used.  @typescript-eslint/no-unused-vars

./src/app/projects/page.tsx
11:29  Warning: 'CardHeader' is defined but never used.  @typescript-eslint/no-unused-vars
11:41  Warning: 'CardTitle' is defined but never used.  @typescript-eslint/no-unused-vars

./src/app/reviews/page.tsx
4:10  Warning: 'Badge' is defined but never used.  @typescript-eslint/no-unused-vars
5:29  Warning: 'CardHeader' is defined but never used.  @typescript-eslint/no-unused-vars
5:41  Warning: 'CardTitle' is defined but never used.  @typescript-eslint/no-unused-vars

./src/app/sessions/[sessionId]/page.tsx
8:31  Warning: 'Code' is defined but never used.  @typescript-eslint/no-unused-vars
8:43  Warning: 'Layout' is defined but never used.  @typescript-eslint/no-unused-vars
8:91  Warning: 'MoreVertical' is defined but never used.  @typescript-eslint/no-unused-vars
8:125  Warning: 'Shield' is defined but never used.  @typescript-eslint/no-unused-vars
8:133  Warning: 'Users' is defined but never used.  @typescript-eslint/no-unused-vars

./src/app/settings/page.tsx
7:29  Warning: 'CardHeader' is defined but never used.  @typescript-eslint/no-unused-vars
7:41  Warning: 'CardTitle' is defined but never used.  @typescript-eslint/no-unused-vars
9:10  Warning: 'Badge' is defined but never used.  @typescript-eslint/no-unused-vars
11:50  Warning: 'Eye' is defined but never used.  @typescript-eslint/no-unused-vars
11:83  Warning: 'Save' is defined but never used.  @typescript-eslint/no-unused-vars
11:89  Warning: 'Settings' is defined but never used.  @typescript-eslint/no-unused-vars

./src/app/study-groups/page.tsx
3:65  Warning: 'User' is defined but never used.  @typescript-eslint/no-unused-vars

./src/app/tutor/analytics/page.tsx
3:28  Warning: 'Download' is defined but never used.  @typescript-eslint/no-unused-vars
3:76  Warning: 'Sun' is defined but never used.  @typescript-eslint/no-unused-vars
3:107  Warning: 'X' is defined but never used.  @typescript-eslint/no-unused-vars
7:10  Warning: 'Badge' is defined but never used.  @typescript-eslint/no-unused-vars

./src/app/tutor/availability/page.tsx
6:29  Warning: 'CardHeader' is defined but never used.  @typescript-eslint/no-unused-vars
6:41  Warning: 'CardTitle' is defined but never used.  @typescript-eslint/no-unused-vars
7:23  Warning: 'Settings' is defined but never used.  @typescript-eslint/no-unused-vars

./src/app/tutor/courses/create/page.tsx
11:10  Warning: 'Badge' is defined but never used.  @typescript-eslint/no-unused-vars
12:51  Warning: 'Code' is defined but never used.  @typescript-eslint/no-unused-vars
12:86  Warning: 'Image' is defined but never used.  @typescript-eslint/no-unused-vars
12:93  Warning: 'ImageIcon' is defined but never used.  @typescript-eslint/no-unused-vars
18:19  Warning: 'setModules' is assigned a value but never used.  @typescript-eslint/no-unused-vars
122:57  Warning: '_lIdx' is defined but never used.  @typescript-eslint/no-unused-vars

./src/app/tutor/courses/page.tsx
4:74  Warning: 'User' is defined but never used.  @typescript-eslint/no-unused-vars
8:10  Warning: 'Badge' is defined but never used.  @typescript-eslint/no-unused-vars
10:29  Warning: 'CardHeader' is defined but never used.  @typescript-eslint/no-unused-vars
10:41  Warning: 'CardTitle' is defined but never used.  @typescript-eslint/no-unused-vars

./src/app/tutor/schedule/page.tsx
4:54  Warning: 'Sun' is defined but never used.  @typescript-eslint/no-unused-vars
4:59  Warning: 'User' is defined but never used.  @typescript-eslint/no-unused-vars

./src/app/tutors/[tutorId]/book/page.tsx
10:10  Warning: 'Input' is defined but never used.  @typescript-eslint/no-unused-vars
12:22  Warning: 'Calendar' is defined but never used.  @typescript-eslint/no-unused-vars
12:32  Warning: 'CheckCircle2' is defined but never used.  @typescript-eslint/no-unused-vars
12:78  Warning: 'Globe' is defined but never used.  @typescript-eslint/no-unused-vars
12:85  Warning: 'Info' is defined but never used.  @typescript-eslint/no-unused-vars
12:91  Warning: 'Smartphone' is defined but never used.  @typescript-eslint/no-unused-vars
12:109  Warning: 'User' is defined but never used.  @typescript-eslint/no-unused-vars
12:115  Warning: 'Video' is defined but never used.  @typescript-eslint/no-unused-vars
18:10  Warning: 'selectedDate' is assigned a value but never used.  @typescript-eslint/no-unused-vars

./src/app/tutors/[tutorId]/page.tsx
8:29  Warning: 'CardHeader' is defined but never used.  @typescript-eslint/no-unused-vars
8:41  Warning: 'CardTitle' is defined but never used.  @typescript-eslint/no-unused-vars
11:10  Warning: 'BookOpen' is defined but never used.  @typescript-eslint/no-unused-vars
11:31  Warning: 'Calendar' is defined but never used.  @typescript-eslint/no-unused-vars
11:41  Warning: 'CheckCircle2' is defined but never used.  @typescript-eslint/no-unused-vars
11:77  Warning: 'MessageSquare' is defined but never used.  @typescript-eslint/no-unused-vars
11:92  Warning: 'Play' is defined but never used.  @typescript-eslint/no-unused-vars
11:98  Warning: 'Star' is defined but never used.  @typescript-eslint/no-unused-vars
11:104  Warning: 'Users' is defined but never used.  @typescript-eslint/no-unused-vars

./src/app/wallet/deposit/page.tsx
4:64  Warning: 'Shield' is defined but never used.  @typescript-eslint/no-unused-vars
9:10  Warning: 'Badge' is defined but never used.  @typescript-eslint/no-unused-vars

./src/app/wallet/transfer/page.tsx
3:58  Warning: 'Shield' is defined but never used.  @typescript-eslint/no-unused-vars
7:10  Warning: 'Badge' is defined but never used.  @typescript-eslint/no-unused-vars
9:29  Warning: 'CardHeader' is defined but never used.  @typescript-eslint/no-unused-vars
9:41  Warning: 'CardTitle' is defined but never used.  @typescript-eslint/no-unused-vars
10:10  Warning: 'Input' is defined but never used.  @typescript-eslint/no-unused-vars
17:10  Warning: 'isVerified' is assigned a value but never used.  @typescript-eslint/no-unused-vars

./src/app/wallet/withdraw/page.tsx
13:29  Warning: 'CardHeader' is defined but never used.  @typescript-eslint/no-unused-vars
13:41  Warning: 'CardTitle' is defined but never used.  @typescript-eslint/no-unused-vars
13:52  Warning: 'CardDescription' is defined but never used.  @typescript-eslint/no-unused-vars
16:10  Warning: 'Badge' is defined but never used.  @typescript-eslint/no-unused-vars

info  - Need to disable some ESLint rules? Learn more here: https://nextjs.org/docs/app/api-reference/config/eslint#disabling-rules
   Collecting page data ...
   Generating static pages (0/70) ...
   Generating static pages (17/70)
   Generating static pages (34/70)
The width(-1) and height(-1) of chart should be greater than 0,
       please check the style of container, or the props width(100%) and height(100%),
       or add a minWidth(0) or minHeight(undefined) or use aspect(undefined) to control the
       height and width.
The width(-1) and height(-1) of chart should be greater than 0,
       please check the style of container, or the props width(100%) and height(100%),
       or add a minWidth(0) or minHeight(undefined) or use aspect(undefined) to control the
       height and width.
The width(-1) and height(-1) of chart should be greater than 0,
       please check the style of container, or the props width(100%) and height(100%),
       or add a minWidth(0) or minHeight(undefined) or use aspect(undefined) to control the
       height and width.
The width(-1) and height(-1) of chart should be greater than 0,
       please check the style of container, or the props width(100%) and height(100%),
       or add a minWidth(0) or minHeight(undefined) or use aspect(undefined) to control the
       height and width.
   Generating static pages (52/70)
The width(-1) and height(-1) of chart should be greater than 0,
       please check the style of container, or the props width(100%) and height(100%),
       or add a minWidth(0) or minHeight(undefined) or use aspect(undefined) to control the
       height and width.
The width(-1) and height(-1) of chart should be greater than 0,
       please check the style of container, or the props width(100%) and height(100%),
       or add a minWidth(0) or minHeight(undefined) or use aspect(undefined) to control the
       height and width.
The width(-1) and height(-1) of chart should be greater than 0,
       please check the style of container, or the props width(100%) and height(100%),
       or add a minWidth(0) or minHeight(undefined) or use aspect(undefined) to control the
       height and width.
 ✓ Generating static pages (70/70)
   Finalizing page optimization ...
   Collecting build traces ...

Route (app)                              Size     First Load JS
┌ ○ /                                    3.44 kB         122 kB
├ ○ /_not-found                          990 B           107 kB
├ ○ /about                               2.76 kB         126 kB
├ ○ /achievements                        2.94 kB         122 kB
├ ○ /admin                               2.19 kB         121 kB
├ ○ /admin/analytics/courses             4.65 kB         232 kB
├ ○ /admin/analytics/revenue             4.46 kB         227 kB
├ ○ /admin/analytics/users               9.39 kB         236 kB
├ ○ /admin/audit-logs                    5.26 kB         124 kB
├ ○ /admin/courses/approvals             4.26 kB         123 kB
├ ○ /admin/courses/manage                5.65 kB         124 kB
├ ○ /admin/deposits                      262 B           106 kB
├ ○ /admin/disputes                      4.28 kB         119 kB
├ ○ /admin/jobs                          5.74 kB         124 kB
├ ○ /admin/marketing                     4.24 kB         123 kB
├ ○ /admin/moderation                    6.08 kB         125 kB
├ ○ /admin/support                       5.39 kB         124 kB
├ ○ /admin/tutors                        5.69 kB         124 kB
├ ○ /admin/users                         4.65 kB         123 kB
├ ƒ /admin/users/[userId]                4.64 kB         123 kB
├ ○ /admin/withdrawals                   3.96 kB         119 kB
├ ƒ /api/disputes                        152 B           106 kB
├ ƒ /api/promotions                      152 B           106 kB
├ ƒ /api/resources                       152 B           106 kB
├ ƒ /api/withdrawals                     152 B           106 kB
├ ○ /blog                                3.06 kB         126 kB
├ ƒ /blog/[slug]                         1.36 kB         124 kB
├ ƒ /certificates/[certId]               6.08 kB         125 kB
├ ○ /code-lab                            1.85 kB         125 kB
├ ○ /contact                             2.56 kB         125 kB
├ ○ /courses                             384 B           123 kB
├ ƒ /courses/[courseId]                  4.91 kB         128 kB
├ ○ /cv-builder                          6.83 kB         125 kB
├ ○ /dashboard                           4.88 kB         124 kB
├ ○ /forgot-password                     2.69 kB         121 kB
├ ○ /hackathons                          5.78 kB         124 kB
├ ○ /jobs                                3.5 kB          122 kB
├ ƒ /jobs/[jobId]                        5.5 kB          124 kB
├ ○ /leaderboard                         3.5 kB          122 kB
├ ƒ /learn/[courseId]                    4.71 kB         123 kB
├ ƒ /learn/[courseId]/quiz/[quizId]      4.01 kB         123 kB
├ ○ /login                               3.18 kB         122 kB
├ ○ /messages                            3.12 kB         118 kB
├ ○ /moderator                           5.71 kB         124 kB
├ ○ /moderator/review                    260 B           106 kB
├ ○ /my-courses                          3.5 kB          122 kB
├ ○ /notifications                       5.25 kB         124 kB
├ ○ /paths                               3.03 kB         126 kB
├ ƒ /paths/[pathId]                      3.46 kB         126 kB
├ ○ /pricing                             3.5 kB          122 kB
├ ○ /profile                             1.71 kB         124 kB
├ ○ /projects                            5.67 kB         124 kB
├ ƒ /projects/[projectId]                6.84 kB         126 kB
├ ○ /referrals                           3.23 kB         122 kB
├ ○ /register                            4.06 kB         123 kB
├ ○ /reviews                             3.87 kB         123 kB
├ ƒ /sessions/[sessionId]                3.61 kB         122 kB
├ ○ /settings                            3.02 kB         126 kB
├ ○ /study-groups                        5.45 kB         124 kB
├ ○ /support                             3.43 kB         122 kB
├ ○ /tutor/analytics                     4.46 kB         238 kB
├ ○ /tutor/availability                  4.32 kB         123 kB
├ ○ /tutor/community                     264 B           106 kB
├ ○ /tutor/courses                       2.27 kB         125 kB
├ ƒ /tutor/courses/[courseId]/edit       4.82 kB         123 kB
├ ○ /tutor/courses/create                6.71 kB         125 kB
├ ○ /tutor/dashboard                     3.51 kB         226 kB
├ ○ /tutor/earnings                      262 B           106 kB
├ ○ /tutor/resources                     3.7 kB          119 kB
├ ○ /tutor/reviews                       3.89 kB         123 kB
├ ○ /tutor/schedule                      5.47 kB         124 kB
├ ○ /tutor/settings                      263 B           106 kB
├ ○ /tutor/students                      4.12 kB         119 kB
├ ○ /tutors                              2.68 kB         125 kB
├ ƒ /tutors/[tutorId]                    2.83 kB         126 kB
├ ƒ /tutors/[tutorId]/book               6.25 kB         125 kB
├ ○ /wallet                              3.99 kB         123 kB
├ ○ /wallet/deposit                      2.69 kB         125 kB
├ ○ /wallet/transfer                     5.6 kB          124 kB
└ ○ /wallet/withdraw                     3.83 kB         123 kB
+ First Load JS shared by all            106 kB
  ├ chunks/1517-a60aef04d1c4e0b8.js      50.7 kB
  ├ chunks/4bd1b696-eb91caafb9391449.js  53 kB
  └ other shared chunks (total)          1.93 kB


ƒ Middleware                             88.2 kB

○  (Static)   prerendered as static content
ƒ  (Dynamic)  server-rendered on demand
