
> temp-app@0.1.0 build
> next build

   ▲ Next.js 15.1.0

   Creating an optimized production build ...
Failed to compile.

./src/app/admin/page.tsx
Error:   [31mx[0m Unexpected token `div`. Expected jsx identifier
    ,-[[36;1;4m/app/src/app/admin/page.tsx[0m:52:1]
 [2m49[0m |
 [2m50[0m | export default function AdminDashboard() {
 [2m51[0m |   return (
 [2m52[0m |     <div className="min-h-screen bg-elite-primary-50 dark:bg-elite-primary-950 flex flex-col md:flex-row pb-20">
    : [35;1m     ^^^[0m
 [2m53[0m |       <div className="flex-1 min-w-0">
 [2m54[0m |         <header className="px-6 py-8 flex justify-between items-center bg-white dark:bg-elite-primary-950 border-b dark:border-elite-primary-800">
 [2m55[0m |            <div className="space-y-1">
    `----

Caused by:
    Syntax Error

Import trace for requested module:
./src/app/admin/page.tsx


> Build failed because of webpack errors
