
> temp-app@0.1.0 build
> next build

   ▲ Next.js 15.1.0

   Creating an optimized production build ...
Failed to compile.

./src/app/projects/page.tsx
Error:   [31mx[0m Expression expected
    ,-[[36;1;4m/app/src/app/projects/page.tsx[0m:52:1]
 [2m49[0m |
 [2m50[0m |   const filteredProjects = activeTab === 'active'
 [2m51[0m |     ? projects.filter(p => p.status !== 'graded')
 [2m52[0m |     : projects.filter(p => p.status === &apos;graded&apos;);
    : [35;1m                                        ^[0m
 [2m53[0m |
 [2m54[0m |   return (
 [2m55[0m |     <div className="flex min-h-screen bg-elite-primary-50 dark:bg-elite-primary-950">
    `----
  [31mx[0m Expected ',', got ';'
    ,-[[36;1;4m/app/src/app/projects/page.tsx[0m:52:1]
 [2m49[0m |
 [2m50[0m |   const filteredProjects = activeTab === 'active'
 [2m51[0m |     ? projects.filter(p => p.status !== 'graded')
 [2m52[0m |     : projects.filter(p => p.status === &apos;graded&apos;);
    : [35;1m                                             ^[0m
 [2m53[0m |
 [2m54[0m |   return (
 [2m55[0m |     <div className="flex min-h-screen bg-elite-primary-50 dark:bg-elite-primary-950">
    `----

Caused by:
    Syntax Error

Import trace for requested module:
./src/app/projects/page.tsx


> Build failed because of webpack errors
