
> temp-app@0.1.0 build
> next build

Attention: Next.js now collects completely anonymous telemetry regarding usage.
This information is used to shape Next.js' roadmap and prioritize features.
You can learn more, including how to opt-out if you'd not like to participate in this anonymous program, by visiting the following URL:
https://nextjs.org/telemetry

   ▲ Next.js 15.1.0

   Creating an optimized production build ...
Failed to compile.

./src/app/wallet/withdraw/page.tsx
Error:   [31mx[0m Unexpected token `div`. Expected jsx identifier
    ,-[[36;1;4m/app/src/app/wallet/withdraw/page.tsx[0m:72:1]
 [2m69[0m |   }
 [2m70[0m |
 [2m71[0m |   return (
 [2m72[0m |     <div className="min-h-screen bg-elite-primary-50 dark:bg-elite-primary-950 pb-20 p-6">
    : [35;1m     ^^^[0m
 [2m73[0m |       <div className="max-w-2xl mx-auto space-y-8">
 [2m74[0m |         <Link href="/wallet" className="flex items-center gap-2 text-sm font-bold text-elite-primary-500 hover:text-elite-primary-900 transition-colors">
 [2m75[0m |           <ArrowLeft size={16} /> Back to Wallet
    `----

Caused by:
    Syntax Error

Import trace for requested module:
./src/app/wallet/withdraw/page.tsx


> Build failed because of webpack errors
