
> temp-app@0.1.0 build
> next build

   ▲ Next.js 15.1.0

   Creating an optimized production build ...
Failed to compile.

./src/app/tutor/earnings/page.tsx
Module parse failed: Duplicate export 'default' (19:7)
File was processed with these loaders:
 * ./node_modules/next/dist/build/webpack/loaders/next-flight-client-module-loader.js
 * ./node_modules/next/dist/build/webpack/loaders/next-swc-loader.js
You may need an additional loader to handle the result of these loaders.
|     });
| }
> export default function Page() {
|     return null;
| }

Import trace for requested module:
./src/app/tutor/earnings/page.tsx

./src/app/tutor/earnings/page.tsx
Module parse failed: Duplicate export 'default' (7:7)
File was processed with these loaders:
 * ./node_modules/next/dist/build/webpack/loaders/next-flight-loader/index.js
 * ./node_modules/next/dist/build/webpack/loaders/next-swc-loader.js
You may need an additional loader to handle the result of these loaders.
| "default",
| );
> export default registerClientReference(
| function() { throw new Error("Attempted to call the default export of \"/app/src/app/tutor/earnings/page.tsx\" from the server, but it's on the client. It's not possible to invoke a client function from the server, it can only be rendered as a Component or passed to props of a Client Component."); },
| "/app/src/app/tutor/earnings/page.tsx",

Import trace for requested module:
./src/app/tutor/earnings/page.tsx


> Build failed because of webpack errors
