
> temp-app@0.1.0 build
> next build

   ▲ Next.js 15.1.0

   Creating an optimized production build ...
 ✓ Compiled successfully
   Linting and checking validity of types ...

./src/app/achievements/page.tsx
3:18  Warning: 'Award' is defined but never used.  @typescript-eslint/no-unused-vars
3:36  Warning: 'Target' is defined but never used.  @typescript-eslint/no-unused-vars

./src/app/admin/analytics/courses/page.tsx
3:10  Warning: 'Area' is defined but never used.  @typescript-eslint/no-unused-vars
3:16  Warning: 'AreaChart' is defined but never used.  @typescript-eslint/no-unused-vars
3:63  Warning: 'Line' is defined but never used.  @typescript-eslint/no-unused-vars
3:69  Warning: 'LineChart' is defined but never used.  @typescript-eslint/no-unused-vars
3:80  Warning: 'Pie' is defined but never used.  @typescript-eslint/no-unused-vars
3:85  Warning: 'PieChart' is defined but never used.  @typescript-eslint/no-unused-vars
10:81  Warning: 'User' is defined but never used.  @typescript-eslint/no-unused-vars
10:94  Warning: 'X' is defined but never used.  @typescript-eslint/no-unused-vars

./src/app/admin/analytics/revenue/page.tsx
2:67  Warning: 'X' is defined but never used.  @typescript-eslint/no-unused-vars
6:10  Warning: 'Badge' is defined but never used.  @typescript-eslint/no-unused-vars
9:27  Warning: 'Bar' is defined but never used.  @typescript-eslint/no-unused-vars
9:47  Warning: 'Cell' is defined but never used.  @typescript-eslint/no-unused-vars

./src/app/admin/analytics/users/page.tsx
7:10  Warning: 'Badge' is defined but never used.  @typescript-eslint/no-unused-vars
10:62  Warning: 'User' is defined but never used.  @typescript-eslint/no-unused-vars
10:96  Warning: 'X' is defined but never used.  @typescript-eslint/no-unused-vars

./src/app/admin/audit-logs/page.tsx
2:48  Warning: 'Shield' is defined but never used.  @typescript-eslint/no-unused-vars
2:69  Warning: 'Target' is defined but never used.  @typescript-eslint/no-unused-vars
2:77  Warning: 'User' is defined but never used.  @typescript-eslint/no-unused-vars
8:16  Warning: 'CardContent' is defined but never used.  @typescript-eslint/no-unused-vars
8:29  Warning: 'CardHeader' is defined but never used.  @typescript-eslint/no-unused-vars
8:41  Warning: 'CardTitle' is defined but never used.  @typescript-eslint/no-unused-vars

./src/app/admin/courses/approvals/page.tsx
5:10  Warning: 'Badge' is defined but never used.  @typescript-eslint/no-unused-vars
8:29  Warning: 'X' is defined but never used.  @typescript-eslint/no-unused-vars

./src/app/admin/courses/manage/page.tsx
3:78  Warning: 'X' is defined but never used.  @typescript-eslint/no-unused-vars
10:16  Warning: 'CardContent' is defined but never used.  @typescript-eslint/no-unused-vars
10:29  Warning: 'CardHeader' is defined but never used.  @typescript-eslint/no-unused-vars
10:41  Warning: 'CardTitle' is defined but never used.  @typescript-eslint/no-unused-vars

./src/app/admin/jobs/page.tsx
7:16  Warning: 'CardContent' is defined but never used.  @typescript-eslint/no-unused-vars
7:29  Warning: 'CardHeader' is defined but never used.  @typescript-eslint/no-unused-vars
7:41  Warning: 'CardTitle' is defined but never used.  @typescript-eslint/no-unused-vars
10:46  Warning: 'Clock' is defined but never used.  @typescript-eslint/no-unused-vars
10:53  Warning: 'DollarSign' is defined but never used.  @typescript-eslint/no-unused-vars
10:89  Warning: 'Filter' is defined but never used.  @typescript-eslint/no-unused-vars
10:97  Warning: 'Layout' is defined but never used.  @typescript-eslint/no-unused-vars
10:141  Warning: 'TrendingUp' is defined but never used.  @typescript-eslint/no-unused-vars

./src/app/admin/marketing/page.tsx
7:29  Warning: 'CardHeader' is defined but never used.  @typescript-eslint/no-unused-vars
7:41  Warning: 'CardTitle' is defined but never used.  @typescript-eslint/no-unused-vars
9:10  Warning: 'Badge' is defined but never used.  @typescript-eslint/no-unused-vars
10:10  Warning: 'Input' is defined but never used.  @typescript-eslint/no-unused-vars
11:10  Warning: 'Mail' is defined but never used.  @typescript-eslint/no-unused-vars
11:22  Warning: 'Smartphone' is defined but never used.  @typescript-eslint/no-unused-vars
16:9  Warning: 'coupons' is assigned a value but never used.  @typescript-eslint/no-unused-vars

./src/app/admin/moderation/page.tsx
3:99  Warning: 'Shield' is defined but never used.  @typescript-eslint/no-unused-vars
3:120  Warning: 'User' is defined but never used.  @typescript-eslint/no-unused-vars
3:133  Warning: 'Users' is defined but never used.  @typescript-eslint/no-unused-vars
10:16  Warning: 'CardContent' is defined but never used.  @typescript-eslint/no-unused-vars

./src/app/admin/support/page.tsx
7:16  Warning: 'CardContent' is defined but never used.  @typescript-eslint/no-unused-vars
7:29  Warning: 'CardHeader' is defined but never used.  @typescript-eslint/no-unused-vars
7:41  Warning: 'CardTitle' is defined but never used.  @typescript-eslint/no-unused-vars
10:51  Warning: 'ChevronLeft' is defined but never used.  @typescript-eslint/no-unused-vars
10:64  Warning: 'ChevronRight' is defined but never used.  @typescript-eslint/no-unused-vars
10:78  Warning: 'Clock' is defined but never used.  @typescript-eslint/no-unused-vars
10:85  Warning: 'Filter' is defined but never used.  @typescript-eslint/no-unused-vars
10:93  Warning: 'Mail' is defined but never used.  @typescript-eslint/no-unused-vars
10:114  Warning: 'MoreVertical' is defined but never used.  @typescript-eslint/no-unused-vars

./src/app/admin/tutors/page.tsx
3:44  Warning: 'Shield' is defined but never used.  @typescript-eslint/no-unused-vars
3:71  Warning: 'User' is defined but never used.  @typescript-eslint/no-unused-vars
3:84  Warning: 'X' is defined but never used.  @typescript-eslint/no-unused-vars
10:16  Warning: 'CardContent' is defined but never used.  @typescript-eslint/no-unused-vars
10:29  Warning: 'CardHeader' is defined but never used.  @typescript-eslint/no-unused-vars
10:41  Warning: 'CardTitle' is defined but never used.  @typescript-eslint/no-unused-vars

./src/app/admin/users/[userId]/page.tsx
6:16  Warning: 'CardContent' is defined but never used.  @typescript-eslint/no-unused-vars
6:29  Warning: 'CardHeader' is defined but never used.  @typescript-eslint/no-unused-vars
6:41  Warning: 'CardTitle' is defined but never used.  @typescript-eslint/no-unused-vars
8:10  Warning: 'Badge' is defined but never used.  @typescript-eslint/no-unused-vars
9:10  Warning: 'Award' is defined but never used.  @typescript-eslint/no-unused-vars
9:22  Warning: 'BookOpen' is defined but never used.  @typescript-eslint/no-unused-vars
9:42  Warning: 'CheckCircle2' is defined but never used.  @typescript-eslint/no-unused-vars
9:56  Warning: 'ExternalLink' is defined but never used.  @typescript-eslint/no-unused-vars
9:70  Warning: 'History' is defined but never used.  @typescript-eslint/no-unused-vars
9:93  Warning: 'MessageSquare' is defined but never used.  @typescript-eslint/no-unused-vars
9:115  Warning: 'Shield' is defined but never used.  @typescript-eslint/no-unused-vars
9:123  Warning: 'User' is defined but never used.  @typescript-eslint/no-unused-vars
9:129  Warning: 'Wallet' is defined but never used.  @typescript-eslint/no-unused-vars
12:10  Warning: 'status' is assigned a value but never used.  @typescript-eslint/no-unused-vars
12:18  Warning: 'setStatus' is assigned a value but never used.  @typescript-eslint/no-unused-vars

./src/app/admin/users/page.tsx
5:16  Warning: 'CardContent' is defined but never used.  @typescript-eslint/no-unused-vars
5:29  Warning: 'CardHeader' is defined but never used.  @typescript-eslint/no-unused-vars
5:41  Warning: 'CardTitle' is defined but never used.  @typescript-eslint/no-unused-vars
7:10  Warning: 'Input' is defined but never used.  @typescript-eslint/no-unused-vars
9:25  Warning: 'Filter' is defined but never used.  @typescript-eslint/no-unused-vars
9:33  Warning: 'Mail' is defined but never used.  @typescript-eslint/no-unused-vars
9:39  Warning: 'MoreHorizontal' is defined but never used.  @typescript-eslint/no-unused-vars
9:55  Warning: 'MoreVertical' is defined but never used.  @typescript-eslint/no-unused-vars
9:69  Warning: 'Search' is defined but never used.  @typescript-eslint/no-unused-vars
9:77  Warning: 'Shield' is defined but never used.  @typescript-eslint/no-unused-vars
9:85  Warning: 'User' is defined but never used.  @typescript-eslint/no-unused-vars
9:91  Warning: 'UserX' is defined but never used.  @typescript-eslint/no-unused-vars

./src/app/admin/withdrawals/page.tsx
12:3  Warning: 'MoreVertical' is defined but never used.  @typescript-eslint/no-unused-vars

./src/app/api/disputes/route.ts
5:11  Warning: 'body' is assigned a value but never used.  @typescript-eslint/no-unused-vars
8:12  Warning: 'error' is defined but never used.  @typescript-eslint/no-unused-vars
15:11  Warning: 'body' is assigned a value but never used.  @typescript-eslint/no-unused-vars
18:12  Warning: 'error' is defined but never used.  @typescript-eslint/no-unused-vars

./src/app/api/promotions/route.ts
5:11  Warning: 'body' is assigned a value but never used.  @typescript-eslint/no-unused-vars
8:12  Warning: 'error' is defined but never used.  @typescript-eslint/no-unused-vars

./src/app/api/resources/route.ts
5:11  Warning: 'body' is assigned a value but never used.  @typescript-eslint/no-unused-vars
8:12  Warning: 'error' is defined but never used.  @typescript-eslint/no-unused-vars

./src/app/api/withdrawals/route.ts
5:11  Warning: 'body' is assigned a value but never used.  @typescript-eslint/no-unused-vars
8:12  Warning: 'error' is defined but never used.  @typescript-eslint/no-unused-vars

./src/app/blog/[slug]/page.tsx
2:8  Warning: 'Link' is defined but never used.  @typescript-eslint/no-unused-vars
5:10  Warning: 'Card' is defined but never used.  @typescript-eslint/no-unused-vars
5:16  Warning: 'CardContent' is defined but never used.  @typescript-eslint/no-unused-vars
7:10  Warning: 'Button' is defined but never used.  @typescript-eslint/no-unused-vars
8:10  Warning: 'ArrowRight' is defined but never used.  @typescript-eslint/no-unused-vars
8:22  Warning: 'Bookmark' is defined but never used.  @typescript-eslint/no-unused-vars
8:39  Warning: 'Share2' is defined but never used.  @typescript-eslint/no-unused-vars

./src/app/certificates/[certId]/page.tsx
8:57  Warning: 'Shield' is defined but never used.  @typescript-eslint/no-unused-vars
9:8  Warning: 'Link' is defined but never used.  @typescript-eslint/no-unused-vars

./src/app/code-lab/page.tsx
4:16  Warning: 'CardContent' is defined but never used.  @typescript-eslint/no-unused-vars

./src/app/courses/[courseId]/page.tsx
4:10  Warning: 'Area' is defined but never used.  @typescript-eslint/no-unused-vars
4:16  Warning: 'AreaChart' is defined but never used.  @typescript-eslint/no-unused-vars
4:27  Warning: 'Bar' is defined but never used.  @typescript-eslint/no-unused-vars
4:42  Warning: 'CartesianGrid' is defined but never used.  @typescript-eslint/no-unused-vars
4:57  Warning: 'Cell' is defined but never used.  @typescript-eslint/no-unused-vars
4:63  Warning: 'Line' is defined but never used.  @typescript-eslint/no-unused-vars
4:69  Warning: 'LineChart' is defined but never used.  @typescript-eslint/no-unused-vars
4:80  Warning: 'Pie' is defined but never used.  @typescript-eslint/no-unused-vars
4:85  Warning: 'PieChart' is defined but never used.  @typescript-eslint/no-unused-vars
4:95  Warning: 'ResponsiveContainer' is defined but never used.  @typescript-eslint/no-unused-vars
4:116  Warning: 'Tooltip' is defined but never used.  @typescript-eslint/no-unused-vars
4:125  Warning: 'XAxis' is defined but never used.  @typescript-eslint/no-unused-vars
4:132  Warning: 'YAxis' is defined but never used.  @typescript-eslint/no-unused-vars
12:10  Warning: 'ProgressBar' is defined but never used.  @typescript-eslint/no-unused-vars
13:115  Warning: 'Save' is defined but never used.  @typescript-eslint/no-unused-vars

./src/app/cv-builder/page.tsx
7:29  Warning: 'CardHeader' is defined but never used.  @typescript-eslint/no-unused-vars
7:41  Warning: 'CardTitle' is defined but never used.  @typescript-eslint/no-unused-vars
10:10  Warning: 'Badge' is defined but never used.  @typescript-eslint/no-unused-vars

./src/app/forgot-password/page.tsx
7:10  Warning: 'Badge' is defined but never used.  @typescript-eslint/no-unused-vars

./src/app/hackathons/page.tsx
3:52  Warning: 'User' is defined but never used.  @typescript-eslint/no-unused-vars
10:29  Warning: 'CardHeader' is defined but never used.  @typescript-eslint/no-unused-vars
10:41  Warning: 'CardTitle' is defined but never used.  @typescript-eslint/no-unused-vars

./src/app/jobs/[jobId]/page.tsx
10:31  Warning: 'Shield' is defined but never used.  @typescript-eslint/no-unused-vars

./src/app/layout.tsx
1:15  Warning: 'Metadata' is defined but never used.  @typescript-eslint/no-unused-vars

./src/app/learn/[courseId]/quiz/[quizId]/page.tsx
9:10  Warning: 'AlertCircle' is defined but never used.  @typescript-eslint/no-unused-vars

./src/app/login/page.tsx
9:3  Warning: 'Lock' is defined but never used.  @typescript-eslint/no-unused-vars
10:3  Warning: 'Mail' is defined but never used.  @typescript-eslint/no-unused-vars

./src/app/moderator/page.tsx
4:67  Warning: 'Shield' is defined but never used.  @typescript-eslint/no-unused-vars

./src/app/notifications/page.tsx
7:29  Warning: 'CardHeader' is defined but never used.  @typescript-eslint/no-unused-vars
7:41  Warning: 'CardTitle' is defined but never used.  @typescript-eslint/no-unused-vars
9:10  Warning: 'Badge' is defined but never used.  @typescript-eslint/no-unused-vars
10:10  Warning: 'Award' is defined but never used.  @typescript-eslint/no-unused-vars
10:17  Warning: 'Bell' is defined but never used.  @typescript-eslint/no-unused-vars
10:47  Warning: 'ChevronRight' is defined but never used.  @typescript-eslint/no-unused-vars
10:61  Warning: 'Clock' is defined but never used.  @typescript-eslint/no-unused-vars
10:111  Warning: 'User' is defined but never used.  @typescript-eslint/no-unused-vars

./src/app/page.tsx
5:10  Warning: 'Card' is defined but never used.  @typescript-eslint/no-unused-vars
5:16  Warning: 'CardContent' is defined but never used.  @typescript-eslint/no-unused-vars

./src/app/paths/[pathId]/page.tsx
3:72  Warning: 'User' is defined but never used.  @typescript-eslint/no-unused-vars

./src/app/paths/page.tsx
9:80  Warning: 'User' is defined but never used.  @typescript-eslint/no-unused-vars

./src/app/profile/page.tsx
9:10  Warning: 'ProgressBar' is defined but never used.  @typescript-eslint/no-unused-vars

./src/app/projects/[projectId]/page.tsx
13:50  Warning: 'ExternalLink' is defined but never used.  @typescript-eslint/no-unused-vars
13:108  Warning: 'Trash2' is defined but never used.  @typescript-eslint/no-unused-vars

./src/app/projects/page.tsx
11:29  Warning: 'CardHeader' is defined but never used.  @typescript-eslint/no-unused-vars
11:41  Warning: 'CardTitle' is defined but never used.  @typescript-eslint/no-unused-vars

./src/app/reviews/page.tsx
4:10  Warning: 'Badge' is defined but never used.  @typescript-eslint/no-unused-vars
5:29  Warning: 'CardHeader' is defined but never used.  @typescript-eslint/no-unused-vars
5:41  Warning: 'CardTitle' is defined but never used.  @typescript-eslint/no-unused-vars

./src/app/sessions/[sessionId]/page.tsx
8:31  Warning: 'Code' is defined but never used.  @typescript-eslint/no-unused-vars
8:43  Warning: 'Layout' is defined but never used.  @typescript-eslint/no-unused-vars
8:91  Warning: 'MoreVertical' is defined but never used.  @typescript-eslint/no-unused-vars
8:125  Warning: 'Shield' is defined but never used.  @typescript-eslint/no-unused-vars
8:133  Warning: 'Users' is defined but never used.  @typescript-eslint/no-unused-vars

./src/app/settings/page.tsx
7:29  Warning: 'CardHeader' is defined but never used.  @typescript-eslint/no-unused-vars
7:41  Warning: 'CardTitle' is defined but never used.  @typescript-eslint/no-unused-vars
9:10  Warning: 'Badge' is defined but never used.  @typescript-eslint/no-unused-vars
11:50  Warning: 'Eye' is defined but never used.  @typescript-eslint/no-unused-vars
11:83  Warning: 'Save' is defined but never used.  @typescript-eslint/no-unused-vars
11:89  Warning: 'Settings' is defined but never used.  @typescript-eslint/no-unused-vars

./src/app/study-groups/page.tsx
3:65  Warning: 'User' is defined but never used.  @typescript-eslint/no-unused-vars

./src/app/tutor/analytics/page.tsx
3:28  Warning: 'Download' is defined but never used.  @typescript-eslint/no-unused-vars
3:76  Warning: 'Sun' is defined but never used.  @typescript-eslint/no-unused-vars
3:107  Warning: 'X' is defined but never used.  @typescript-eslint/no-unused-vars
7:10  Warning: 'Badge' is defined but never used.  @typescript-eslint/no-unused-vars

./src/app/tutor/availability/page.tsx
6:29  Warning: 'CardHeader' is defined but never used.  @typescript-eslint/no-unused-vars
6:41  Warning: 'CardTitle' is defined but never used.  @typescript-eslint/no-unused-vars
7:23  Warning: 'Settings' is defined but never used.  @typescript-eslint/no-unused-vars

./src/app/tutor/courses/create/page.tsx
11:10  Warning: 'Badge' is defined but never used.  @typescript-eslint/no-unused-vars
12:51  Warning: 'Code' is defined but never used.  @typescript-eslint/no-unused-vars
12:86  Warning: 'Image' is defined but never used.  @typescript-eslint/no-unused-vars
12:93  Warning: 'ImageIcon' is defined but never used.  @typescript-eslint/no-unused-vars
12:139  Warning: 'as' is defined but never used.  @typescript-eslint/no-unused-vars
18:19  Warning: 'setModules' is assigned a value but never used.  @typescript-eslint/no-unused-vars
122:57  Warning: 'lIdx' is defined but never used.  @typescript-eslint/no-unused-vars

./src/app/tutor/courses/page.tsx
4:74  Warning: 'User' is defined but never used.  @typescript-eslint/no-unused-vars
8:10  Warning: 'Badge' is defined but never used.  @typescript-eslint/no-unused-vars
10:29  Warning: 'CardHeader' is defined but never used.  @typescript-eslint/no-unused-vars
10:41  Warning: 'CardTitle' is defined but never used.  @typescript-eslint/no-unused-vars

./src/app/tutor/dashboard/page.tsx
4:78  Warning: 'X' is defined but never used.  @typescript-eslint/no-unused-vars
8:10  Warning: 'Badge' is defined but never used.  @typescript-eslint/no-unused-vars
11:42  Warning: 'Line' is defined but never used.  @typescript-eslint/no-unused-vars
11:48  Warning: 'LineChart' is defined but never used.  @typescript-eslint/no-unused-vars

./src/app/tutor/schedule/page.tsx
4:54  Warning: 'Sun' is defined but never used.  @typescript-eslint/no-unused-vars
4:59  Warning: 'User' is defined but never used.  @typescript-eslint/no-unused-vars

./src/app/tutors/[tutorId]/book/page.tsx
10:10  Warning: 'Input' is defined but never used.  @typescript-eslint/no-unused-vars
12:22  Warning: 'Calendar' is defined but never used.  @typescript-eslint/no-unused-vars
12:32  Warning: 'CheckCircle2' is defined but never used.  @typescript-eslint/no-unused-vars
12:78  Warning: 'Globe' is defined but never used.  @typescript-eslint/no-unused-vars
12:85  Warning: 'Info' is defined but never used.  @typescript-eslint/no-unused-vars
12:91  Warning: 'Smartphone' is defined but never used.  @typescript-eslint/no-unused-vars
12:109  Warning: 'User' is defined but never used.  @typescript-eslint/no-unused-vars
12:115  Warning: 'Video' is defined but never used.  @typescript-eslint/no-unused-vars
18:10  Warning: 'selectedDate' is assigned a value but never used.  @typescript-eslint/no-unused-vars

./src/app/tutors/[tutorId]/page.tsx
8:29  Warning: 'CardHeader' is defined but never used.  @typescript-eslint/no-unused-vars
8:41  Warning: 'CardTitle' is defined but never used.  @typescript-eslint/no-unused-vars
11:10  Warning: 'BookOpen' is defined but never used.  @typescript-eslint/no-unused-vars
11:31  Warning: 'Calendar' is defined but never used.  @typescript-eslint/no-unused-vars
11:41  Warning: 'CheckCircle2' is defined but never used.  @typescript-eslint/no-unused-vars
11:77  Warning: 'MessageSquare' is defined but never used.  @typescript-eslint/no-unused-vars
11:92  Warning: 'Play' is defined but never used.  @typescript-eslint/no-unused-vars
11:98  Warning: 'Star' is defined but never used.  @typescript-eslint/no-unused-vars
11:104  Warning: 'Users' is defined but never used.  @typescript-eslint/no-unused-vars

./src/app/wallet/deposit/page.tsx
4:64  Warning: 'Shield' is defined but never used.  @typescript-eslint/no-unused-vars
9:10  Warning: 'Badge' is defined but never used.  @typescript-eslint/no-unused-vars

./src/app/wallet/transfer/page.tsx
3:58  Warning: 'Shield' is defined but never used.  @typescript-eslint/no-unused-vars
7:10  Warning: 'Badge' is defined but never used.  @typescript-eslint/no-unused-vars
9:29  Warning: 'CardHeader' is defined but never used.  @typescript-eslint/no-unused-vars
9:41  Warning: 'CardTitle' is defined but never used.  @typescript-eslint/no-unused-vars
10:10  Warning: 'Input' is defined but never used.  @typescript-eslint/no-unused-vars
17:10  Warning: 'isVerified' is assigned a value but never used.  @typescript-eslint/no-unused-vars

./src/app/wallet/withdraw/page.tsx
13:29  Warning: 'CardHeader' is defined but never used.  @typescript-eslint/no-unused-vars
13:41  Warning: 'CardTitle' is defined but never used.  @typescript-eslint/no-unused-vars
13:52  Warning: 'CardDescription' is defined but never used.  @typescript-eslint/no-unused-vars
16:10  Warning: 'Badge' is defined but never used.  @typescript-eslint/no-unused-vars

./src/components/layout/Navbar.tsx
4:19  Warning: 'Bell' is defined but never used.  @typescript-eslint/no-unused-vars
4:25  Warning: 'User' is defined but never used.  @typescript-eslint/no-unused-vars
4:31  Warning: 'Search' is defined but never used.  @typescript-eslint/no-unused-vars
19:6  Warning: React Hook useEffect has a missing dependency: 'mounted'. Either include it or remove the dependency array.  react-hooks/exhaustive-deps

./src/components/ui/Button.tsx
28:11  Warning: 'Comp' is assigned a value but never used.  @typescript-eslint/no-unused-vars

./src/utils/korapay.ts
8:7  Warning: 'KORAPAY_PUBLIC_KEY' is assigned a value but never used.  @typescript-eslint/no-unused-vars
27:20  Warning: 'options' is defined but never used.  @typescript-eslint/no-unused-vars

./src/utils/supabase/middleware.ts
23:48  Warning: 'options' is defined but never used.  @typescript-eslint/no-unused-vars

info  - Need to disable some ESLint rules? Learn more here: https://nextjs.org/docs/app/api-reference/config/eslint#disabling-rules
Failed to compile.

src/app/layout.tsx
Type error: Layout "src/app/layout.tsx" does not match the required types of a Next.js Layout.
